<?xml version="1.0" encoding="UTF-8"?>
<testsuite name="com.automation.api.tests.ImpactTests" tests="2" skipped="0" failures="1" errors="0" timestamp="2022-07-07T15:01:52" hostname="HSNKFB3" time="3.12">
  <properties/>
  <testcase name="restController_impacts[0]({ExpectedStatusCode=200, preRequisites=, Description=Get impacts for Date Range, FieldValidations=, Run=Y, TCID=1, Uri=impacts/v1/impacts?startDate=2020-5-1&amp;endDate=2022-5-1, Body=, HttpMethod=GET, ExpectedResponseBody=})" classname="com.automation.api.tests.ImpactTests" time="2.458"/>
  <testcase name="restController_impacts[1]({ExpectedStatusCode=400, preRequisites=, Description=Get impacts for invalid Date Range, FieldValidations=, Run=Y, TCID=2, Uri=impacts/v1/impacts?startDate=2023-5-1&amp;endDate=2024-5-1, Body=, HttpMethod=GET, ExpectedResponseBody=})" classname="com.automation.api.tests.ImpactTests" time="0.662">
    <failure message="java.lang.AssertionError: The response code did not match expected expected [400] but found [200]" type="java.lang.AssertionError">java.lang.AssertionError: The response code did not match expected expected [400] but found [200]
	at org.testng.Assert.fail(Assert.java:97)
	at org.testng.Assert.assertEqualsImpl(Assert.java:136)
	at org.testng.Assert.assertEquals(Assert.java:118)
	at org.testng.Assert.assertEquals(Assert.java:575)
	at com.automation.api.tests.ImpactTests.restController_impacts(ImpactTests.java:55)
	at java.base/jdk.internal.reflect.NativeMethodAccessorImpl.invoke0(Native Method)
	at java.base/jdk.internal.reflect.NativeMethodAccessorImpl.invoke(NativeMethodAccessorImpl.java:62)
	at java.base/jdk.internal.reflect.DelegatingMethodAccessorImpl.invoke(DelegatingMethodAccessorImpl.java:43)
	at java.base/java.lang.reflect.Method.invoke(Method.java:566)
	at org.testng.internal.MethodInvocationHelper.invokeMethod(MethodInvocationHelper.java:134)
	at org.testng.internal.TestInvoker.invokeMethod(TestInvoker.java:597)
	at org.testng.internal.TestInvoker.invokeTestMethod(TestInvoker.java:173)
	at org.testng.internal.MethodRunner.runInSequence(MethodRunner.java:46)
	at org.testng.internal.TestInvoker$MethodInvocationAgent.invoke(TestInvoker.java:816)
	at org.testng.internal.TestInvoker.invokeTestMethods(TestInvoker.java:146)
	at org.testng.internal.TestMethodWorker.invokeTestMethods(TestMethodWorker.java:146)
	at org.testng.internal.TestMethodWorker.run(TestMethodWorker.java:128)
	at java.base/java.util.ArrayList.forEach(ArrayList.java:1541)
	at org.testng.TestRunner.privateRun(TestRunner.java:766)
	at org.testng.TestRunner.run(TestRunner.java:587)
	at org.testng.SuiteRunner.runTest(SuiteRunner.java:384)
	at org.testng.SuiteRunner.runSequentially(SuiteRunner.java:378)
	at org.testng.SuiteRunner.privateRun(SuiteRunner.java:337)
	at org.testng.SuiteRunner.run(SuiteRunner.java:286)
	at org.testng.SuiteRunnerWorker.runSuite(SuiteRunnerWorker.java:53)
	at org.testng.SuiteRunnerWorker.run(SuiteRunnerWorker.java:96)
	at org.testng.TestNG.runSuitesSequentially(TestNG.java:1187)
	at org.testng.TestNG.runSuitesLocally(TestNG.java:1109)
	at org.testng.TestNG.runSuites(TestNG.java:1039)
	at org.testng.TestNG.run(TestNG.java:1007)
	at org.gradle.api.internal.tasks.testing.testng.TestNGTestClassProcessor.runTests(TestNGTestClassProcessor.java:141)
	at org.gradle.api.internal.tasks.testing.testng.TestNGTestClassProcessor.stop(TestNGTestClassProcessor.java:90)
	at org.gradle.api.internal.tasks.testing.SuiteTestClassProcessor.stop(SuiteTestClassProcessor.java:61)
	at java.base/jdk.internal.reflect.NativeMethodAccessorImpl.invoke0(Native Method)
	at java.base/jdk.internal.reflect.NativeMethodAccessorImpl.invoke(NativeMethodAccessorImpl.java:62)
	at java.base/jdk.internal.reflect.DelegatingMethodAccessorImpl.invoke(DelegatingMethodAccessorImpl.java:43)
	at java.base/java.lang.reflect.Method.invoke(Method.java:566)
	at org.gradle.internal.dispatch.ReflectionDispatch.dispatch(ReflectionDispatch.java:36)
	at org.gradle.internal.dispatch.ReflectionDispatch.dispatch(ReflectionDispatch.java:24)
	at org.gradle.internal.dispatch.ContextClassLoaderDispatch.dispatch(ContextClassLoaderDispatch.java:33)
	at org.gradle.internal.dispatch.ProxyDispatchAdapter$DispatchingInvocationHandler.invoke(ProxyDispatchAdapter.java:94)
	at com.sun.proxy.$Proxy2.stop(Unknown Source)
	at org.gradle.api.internal.tasks.testing.worker.TestWorker$3.run(TestWorker.java:193)
	at org.gradle.api.internal.tasks.testing.worker.TestWorker.executeAndMaintainThreadName(TestWorker.java:129)
	at org.gradle.api.internal.tasks.testing.worker.TestWorker.execute(TestWorker.java:100)
	at org.gradle.api.internal.tasks.testing.worker.TestWorker.execute(TestWorker.java:60)
	at org.gradle.process.internal.worker.child.ActionExecutionWorker.execute(ActionExecutionWorker.java:56)
	at org.gradle.process.internal.worker.child.SystemApplicationClassLoaderWorker.call(SystemApplicationClassLoaderWorker.java:133)
	at org.gradle.process.internal.worker.child.SystemApplicationClassLoaderWorker.call(SystemApplicationClassLoaderWorker.java:71)
	at worker.org.gradle.process.internal.worker.GradleWorkerMain.run(GradleWorkerMain.java:69)
	at worker.org.gradle.process.internal.worker.GradleWorkerMain.main(GradleWorkerMain.java:74)
</failure>
  </testcase>
  <system-out><![CDATA[[
    {
        "impactId": "59773d4f-0f1c-4069-9dfb-065091cc405b",
        "userId": "bfc105b5-7ae6-432d-ae13-db2a3096a0c9",
        "equipmentId": "c71d7bd3-08bc-3348-a858-f7fdc8c7d210",
        "equipmentTypeId": "d151767e-d97b-4c3d-ad09-74df1b9c1cb2",
        "locationId": "d021b1ea-6bbc-46c7-a033-034da41ad906",
        "categoryId": "d48cea97-749e-4dc3-a4cb-08b9aa5b89a2",
        "capturedX": 2,
        "capturedY": 3,
        "capturedSpeed": {
            "value": 0.0,
            "unit": "mps"
        },
        "eventTimestamp": {
            "dateTime": "2020-09-15T19:35:38.000+0000",
            "zone": "UTC"
        },
        "unlockTimestamp": {
            "dateTime": "2020-09-15T19:35:58.000+0000",
            "zone": "UTC"
        },
        "unlockUserId": "e4f8131a-3c27-4b2c-ae7b-7f885233512b",
        "updatedTimestamp": {
            "dateTime": "2022-05-05T18:06:19.062+0000",
            "zone": "UTC"
        }
    },
    {
        "impactId": "57973088-204c-46d3-b8de-7523bc940e81",
        "userId": "e4f8131a-3c27-4b2c-ae7b-7f885233512b",
        "equipmentId": "c71d7bd3-08bc-3348-a858-f7fdc8c7d210",
        "equipmentTypeId": "d151767e-d97b-4c3d-ad09-74df1b9c1cb2",
        "locationId": "d021b1ea-6bbc-46c7-a033-034da41ad906",
        "categoryId": "d48cea97-749e-4dc3-a4cb-08b9aa5b89a2",
        "capturedX": 1,
        "capturedY": 1,
        "capturedSpeed": {
            "value": 0.0,
            "unit": "mps"
        },
        "eventTimestamp": {
            "dateTime": "2020-09-15T19:39:03.000+0000",
            "zone": "UTC"
        },
        "unlockTimestamp": {
            "dateTime": "2020-09-15T19:39:22.000+0000",
            "zone": "UTC"
        },
        "unlockUserId": "e4f8131a-3c27-4b2c-ae7b-7f885233512b",
        "updatedTimestamp": {
            "dateTime": "2022-05-05T18:06:19.075+0000",
            "zone": "UTC"
        }
    },
    {
        "impactId": "131f2479-c50e-433a-992b-6fd8473f6823",
        "userId": "e4f8131a-3c27-4b2c-ae7b-7f885233512b",
        "equipmentId": "c71d7bd3-08bc-3348-a858-f7fdc8c7d210",
        "equipmentTypeId": "d151767e-d97b-4c3d-ad09-74df1b9c1cb2",
        "locationId": "d021b1ea-6bbc-46c7-a033-034da41ad906",
        "categoryId": "d48cea97-749e-4dc3-a4cb-08b9aa5b89a2",
        "capturedX": 2,
        "capturedY": 0,
        "capturedSpeed": {
            "value": 0.0,
            "unit": "mps"
        },
        "eventTimestamp": {
            "dateTime": "2020-09-15T19:41:53.000+0000",
            "zone": "UTC"
        },
        "unlockTimestamp": {
            "dateTime": "2020-09-15T19:42:08.000+0000",
            "zone": "UTC"
        },
        "unlockUserId": "e4f8131a-3c27-4b2c-ae7b-7f885233512b",
        "updatedTimestamp": {
            "dateTime": "2022-05-05T18:06:19.081+0000",
            "zone": "UTC"
        }
    },
    {
        "impactId": "b80f1a9d-7d22-4cf3-b3b5-b0f48c2f1be3",
        "userId": "e4f8131a-3c27-4b2c-ae7b-7f885233512b",
        "equipmentId": "c71d7bd3-08bc-3348-a858-f7fdc8c7d210",
        "equipmentTypeId": "d151767e-d97b-4c3d-ad09-74df1b9c1cb2",
        "locationId": "d021b1ea-6bbc-46c7-a033-034da41ad906",
        "categoryId": "d48cea97-749e-4dc3-a4cb-08b9aa5b89a2",
        "capturedX": 25,
        "capturedY": 10,
        "capturedSpeed": {
            "value": 0.0,
            "unit": "mps"
        },
        "eventTimestamp": {
            "dateTime": "2020-09-17T14:24:53.000+0000",
            "zone": "UTC"
        },
        "unlockTimestamp": {
            "dateTime": "2020-09-17T14:25:45.000+0000",
            "zone": "UTC"
        },
        "unlockUserId": "e4f8131a-3c27-4b2c-ae7b-7f885233512b",
        "updatedTimestamp": {
            "dateTime": "2022-05-05T18:15:14.819+0000",
            "zone": "UTC"
        }
    },
    {
        "impactId": "0c322671-298d-4d95-b86b-dcbde4312c58",
        "userId": "e4f8131a-3c27-4b2c-ae7b-7f885233512b",
        "equipmentId": "c71d7bd3-08bc-3348-a858-f7fdc8c7d210",
        "equipmentTypeId": "d151767e-d97b-4c3d-ad09-74df1b9c1cb2",
        "locationId": "d021b1ea-6bbc-46c7-a033-034da41ad906",
        "categoryId": "d48cea97-749e-4dc3-a4cb-08b9aa5b89a2",
        "capturedX": 22,
        "capturedY": 12,
        "capturedSpeed": {
            "value": 0.0,
            "unit": "mps"
        },
        "eventTimestamp": {
            "dateTime": "2020-09-17T14:30:22.000+0000",
            "zone": "UTC"
        },
        "unlockTimestamp": {
            "dateTime": "2020-09-17T14:31:44.000+0000",
            "zone": "UTC"
        },
        "unlockUserId": "e4f8131a-3c27-4b2c-ae7b-7f885233512b",
        "updatedTimestamp": {
            "dateTime": "2022-05-05T18:15:14.833+0000",
            "zone": "UTC"
        }
    },
    {
        "impactId": "9f5f9b2d-b626-442b-8e7c-bcdad8f9e56c",
        "userId": "e4f8131a-3c27-4b2c-ae7b-7f885233512b",
        "equipmentId": "c71d7bd3-08bc-3348-a858-f7fdc8c7d210",
        "equipmentTypeId": "d151767e-d97b-4c3d-ad09-74df1b9c1cb2",
        "locationId": "d021b1ea-6bbc-46c7-a033-034da41ad906",
        "categoryId": "d48cea97-749e-4dc3-a4cb-08b9aa5b89a2",
        "capturedX": 1,
        "capturedY": 6,
        "capturedSpeed": {
            "value": 0.0,
            "unit": "mps"
        },
        "eventTimestamp": {
            "dateTime": "2020-09-17T14:40:32.000+0000",
            "zone": "UTC"
        },
        "unlockTimestamp": {
            "dateTime": "2020-09-17T14:43:37.000+0000",
            "zone": "UTC"
        },
        "unlockUserId": "e4f8131a-3c27-4b2c-ae7b-7f885233512b",
        "updatedTimestamp": {
            "dateTime": "2022-05-05T18:15:14.845+0000",
            "zone": "UTC"
        }
    },
    {
        "impactId": "ccf125bf-fbdd-4e5b-b5c1-42832eef134b",
        "userId": "e4f8131a-3c27-4b2c-ae7b-7f885233512b",
        "equipmentId": "c71d7bd3-08bc-3348-a858-f7fdc8c7d210",
        "equipmentTypeId": "d151767e-d97b-4c3d-ad09-74df1b9c1cb2",
        "locationId": "d021b1ea-6bbc-46c7-a033-034da41ad906",
        "categoryId": "d48cea97-749e-4dc3-a4cb-08b9aa5b89a2",
        "capturedX": 14,
        "capturedY": 31,
        "capturedSpeed": {
            "value": 0.0,
            "unit": "mps"
        },
        "eventTimestamp": {
            "dateTime": "2020-09-17T14:40:33.000+0000",
            "zone": "UTC"
        },
        "unlockTimestamp": {
            "dateTime": "2020-09-17T14:43:37.000+0000",
            "zone": "UTC"
        },
        "unlockUserId": "e4f8131a-3c27-4b2c-ae7b-7f885233512b",
        "updatedTimestamp": {
            "dateTime": "2022-05-05T18:15:14.851+0000",
            "zone": "UTC"
        }
    },
    {
        "impactId": "4d8eb787-eac2-4e90-9fab-373ad85ce8a5",
        "userId": "e4f8131a-3c27-4b2c-ae7b-7f885233512b",
        "equipmentId": "c71d7bd3-08bc-3348-a858-f7fdc8c7d210",
        "equipmentTypeId": "d151767e-d97b-4c3d-ad09-74df1b9c1cb2",
        "locationId": "d021b1ea-6bbc-46c7-a033-034da41ad906",
        "categoryId": "d48cea97-749e-4dc3-a4cb-08b9aa5b89a2",
        "capturedX": 12,
        "capturedY": 12,
        "capturedSpeed": {
            "value": 0.0,
            "unit": "mps"
        },
        "eventTimestamp": {
            "dateTime": "2020-09-17T14:46:56.000+0000",
            "zone": "UTC"
        },
        "unlockUserId": "00000000-0000-0000-0000-000000000000",
        "updatedTimestamp": {
            "dateTime": "2022-05-05T18:15:14.857+0000",
            "zone": "UTC"
        }
    },
    {
        "impactId": "adfc1076-d75e-45ad-b05c-55e728bffe6f",
        "userId": "e4f8131a-3c27-4b2c-ae7b-7f885233512b",
        "equipmentId": "c71d7bd3-08bc-3348-a858-f7fdc8c7d210",
        "equipmentTypeId": "d151767e-d97b-4c3d-ad09-74df1b9c1cb2",
        "locationId": "d021b1ea-6bbc-46c7-a033-034da41ad906",
        "categoryId": "d48cea97-749e-4dc3-a4cb-08b9aa5b89a2",
        "capturedX": 32,
        "capturedY": 15,
        "capturedSpeed": {
            "value": 0.0,
            "unit": "mps"
        },
        "eventTimestamp": {
            "dateTime": "2020-09-17T14:47:06.000+0000",
            "zone": "UTC"
        },
        "unlockUserId": "00000000-0000-0000-0000-000000000000",
        "updatedTimestamp": {
            "dateTime": "2022-05-05T18:15:14.863+0000",
            "zone": "UTC"
        }
    },
    {
        "impactId": "b7a22499-a1d0-4d52-97ca-7aabe017344f",
        "userId": "e4f8131a-3c27-4b2c-ae7b-7f885233512b",
        "equipmentId": "c71d7bd3-08bc-3348-a858-f7fdc8c7d210",
        "equipmentTypeId": "d151767e-d97b-4c3d-ad09-74df1b9c1cb2",
        "locationId": "d021b1ea-6bbc-46c7-a033-034da41ad906",
        "categoryId": "d48cea97-749e-4dc3-a4cb-08b9aa5b89a2",
        "capturedX": 30,
        "capturedY": 13,
        "capturedSpeed": {
            "value": 0.0,
            "unit": "mps"
        },
        "eventTimestamp": {
            "dateTime": "2020-09-17T14:47:09.000+0000",
            "zone": "UTC"
        },
        "unlockUserId": "00000000-0000-0000-0000-000000000000",
        "updatedTimestamp": {
            "dateTime": "2022-05-05T18:15:14.869+0000",
            "zone": "UTC"
        }
    },
    {
        "impactId": "00c94667-8e2e-4603-be25-2201d13db918",
        "userId": "e4f8131a-3c27-4b2c-ae7b-7f885233512b",
        "equipmentId": "c71d7bd3-08bc-3348-a858-f7fdc8c7d210",
        "equipmentTypeId": "d151767e-d97b-4c3d-ad09-74df1b9c1cb2",
        "locationId": "d021b1ea-6bbc-46c7-a033-034da41ad906",
        "categoryId": "d48cea97-749e-4dc3-a4cb-08b9aa5b89a2",
        "capturedX": 27,
        "capturedY": 14,
        "capturedSpeed": {
            "value": 0.0,
            "unit": "mps"
        },
        "eventTimestamp": {
            "dateTime": "2020-09-17T14:47:13.000+0000",
            "zone": "UTC"
        },
        "unlockUserId": "00000000-0000-0000-0000-000000000000",
        "updatedTimestamp": {
            "dateTime": "2022-05-05T18:15:14.878+0000",
            "zone": "UTC"
        }
    },
    {
        "impactId": "3db9ea28-3ffb-456c-bf8c-b9974eeb3a6b",
        "userId": "e4f8131a-3c27-4b2c-ae7b-7f885233512b",
        "equipmentId": "c71d7bd3-08bc-3348-a858-f7fdc8c7d210",
        "equipmentTypeId": "d151767e-d97b-4c3d-ad09-74df1b9c1cb2",
        "locationId": "d021b1ea-6bbc-46c7-a033-034da41ad906",
        "categoryId": "d48cea97-749e-4dc3-a4cb-08b9aa5b89a2",
        "capturedX": 32,
        "capturedY": 13,
        "capturedSpeed": {
            "value": 0.0,
            "unit": "mps"
        },
        "eventTimestamp": {
            "dateTime": "2020-09-17T14:47:16.000+0000",
            "zone": "UTC"
        },
        "unlockUserId": "00000000-0000-0000-0000-000000000000",
        "updatedTimestamp": {
            "dateTime": "2022-05-05T18:15:14.887+0000",
            "zone": "UTC"
        }
    },
    {
        "impactId": "89d13001-5bca-4499-bdb3-dfe515af43a4",
        "userId": "e4f8131a-3c27-4b2c-ae7b-7f885233512b",
        "equipmentId": "c71d7bd3-08bc-3348-a858-f7fdc8c7d210",
        "equipmentTypeId": "d151767e-d97b-4c3d-ad09-74df1b9c1cb2",
        "locationId": "d021b1ea-6bbc-46c7-a033-034da41ad906",
        "categoryId": "d48cea97-749e-4dc3-a4cb-08b9aa5b89a2",
        "capturedX": 25,
        "capturedY": 18,
        "capturedSpeed": {
            "value": 0.0,
            "unit": "mps"
        },
        "eventTimestamp": {
            "dateTime": "2020-09-17T14:47:19.000+0000",
            "zone": "UTC"
        },
        "unlockUserId": "00000000-0000-0000-0000-000000000000",
        "updatedTimestamp": {
            "dateTime": "2022-05-05T18:15:14.894+0000",
            "zone": "UTC"
        }
    },
    {
        "impactId": "f3a5fe97-87f9-45c4-ae5b-0dc91fde1c6d",
        "userId": "e4f8131a-3c27-4b2c-ae7b-7f885233512b",
        "equipmentId": "c71d7bd3-08bc-3348-a858-f7fdc8c7d210",
        "equipmentTypeId": "d151767e-d97b-4c3d-ad09-74df1b9c1cb2",
        "locationId": "d021b1ea-6bbc-46c7-a033-034da41ad906",
        "categoryId": "d48cea97-749e-4dc3-a4cb-08b9aa5b89a2",
        "capturedX": 25,
        "capturedY": 12,
        "capturedSpeed": {
            "value": 0.0,
            "unit": "mps"
        },
        "eventTimestamp": {
            "dateTime": "2020-09-17T14:47:22.000+0000",
            "zone": "UTC"
        },
        "unlockUserId": "00000000-0000-0000-0000-000000000000",
        "updatedTimestamp": {
            "dateTime": "2022-05-05T18:15:14.901+0000",
            "zone": "UTC"
        }
    },
    {
        "impactId": "054e6284-06d7-4b7a-91c3-168724d24e65",
        "userId": "e4f8131a-3c27-4b2c-ae7b-7f885233512b",
        "equipmentId": "c71d7bd3-08bc-3348-a858-f7fdc8c7d210",
        "equipmentTypeId": "d151767e-d97b-4c3d-ad09-74df1b9c1cb2",
        "locationId": "d021b1ea-6bbc-46c7-a033-034da41ad906",
        "categoryId": "d48cea97-749e-4dc3-a4cb-08b9aa5b89a2",
        "capturedX": 29,
        "capturedY": 9,
        "capturedSpeed": {
            "value": 0.0,
            "unit": "mps"
        },
        "eventTimestamp": {
            "dateTime": "2020-09-17T14:47:25.000+0000",
            "zone": "UTC"
        },
        "unlockUserId": "00000000-0000-0000-0000-000000000000",
        "updatedTimestamp": {
            "dateTime": "2022-05-05T18:15:14.908+0000",
            "zone": "UTC"
        }
    },
    {
        "impactId": "8cb12f27-57f8-4c25-86f7-a135591b89e6",
        "userId": "e4f8131a-3c27-4b2c-ae7b-7f885233512b",
        "equipmentId": "c71d7bd3-08bc-3348-a858-f7fdc8c7d210",
        "equipmentTypeId": "d151767e-d97b-4c3d-ad09-74df1b9c1cb2",
        "locationId": "d021b1ea-6bbc-46c7-a033-034da41ad906",
        "categoryId": "d48cea97-749e-4dc3-a4cb-08b9aa5b89a2",
        "capturedX": 21,
        "capturedY": 10,
        "capturedSpeed": {
            "value": 0.0,
            "unit": "mps"
        },
        "eventTimestamp": {
            "dateTime": "2020-09-17T14:47:29.000+0000",
            "zone": "UTC"
        },
        "unlockUserId": "00000000-0000-0000-0000-000000000000",
        "updatedTimestamp": {
            "dateTime": "2022-05-05T18:15:14.913+0000",
            "zone": "UTC"
        }
    },
    {
        "impactId": "b2ed556e-8c97-4fac-9d64-19a7b37c4c7a",
        "userId": "e4f8131a-3c27-4b2c-ae7b-7f885233512b",
        "equipmentId": "c71d7bd3-08bc-3348-a858-f7fdc8c7d210",
        "equipmentTypeId": "d151767e-d97b-4c3d-ad09-74df1b9c1cb2",
        "locationId": "d021b1ea-6bbc-46c7-a033-034da41ad906",
        "categoryId": "d48cea97-749e-4dc3-a4cb-08b9aa5b89a2",
        "capturedX": 31,
        "capturedY": 16,
        "capturedSpeed": {
            "value": 0.0,
            "unit": "mps"
        },
        "eventTimestamp": {
            "dateTime": "2020-09-17T14:47:32.000+0000",
            "zone": "UTC"
        },
        "unlockUserId": "00000000-0000-0000-0000-000000000000",
        "updatedTimestamp": {
            "dateTime": "2022-05-05T18:15:14.917+0000",
            "zone": "UTC"
        }
    },
    {
        "impactId": "76b848e2-96ca-4d1a-9fc6-5dbc52261370",
        "userId": "e4f8131a-3c27-4b2c-ae7b-7f885233512b",
        "equipmentId": "c71d7bd3-08bc-3348-a858-f7fdc8c7d210",
        "equipmentTypeId": "d151767e-d97b-4c3d-ad09-74df1b9c1cb2",
        "locationId": "d021b1ea-6bbc-46c7-a033-034da41ad906",
        "categoryId": "d48cea97-749e-4dc3-a4cb-08b9aa5b89a2",
        "capturedX": 30,
        "capturedY": 17,
        "capturedSpeed": {
            "value": 0.0,
            "unit": "mps"
        },
        "eventTimestamp": {
            "dateTime": "2020-09-17T14:47:35.000+0000",
            "zone": "UTC"
        },
        "unlockUserId": "00000000-0000-0000-0000-000000000000",
        "updatedTimestamp": {
            "dateTime": "2022-05-05T18:15:14.921+0000",
            "zone": "UTC"
        }
    },
    {
        "impactId": "96322854-230c-407d-abd2-dc6132520bbf",
        "userId": "e4f8131a-3c27-4b2c-ae7b-7f885233512b",
        "equipmentId": "c71d7bd3-08bc-3348-a858-f7fdc8c7d210",
        "equipmentTypeId": "d151767e-d97b-4c3d-ad09-74df1b9c1cb2",
        "locationId": "d021b1ea-6bbc-46c7-a033-034da41ad906",
        "categoryId": "d48cea97-749e-4dc3-a4cb-08b9aa5b89a2",
        "capturedX": 28,
        "capturedY": 13,
        "capturedSpeed": {
            "value": 0.0,
            "unit": "mps"
        },
        "eventTimestamp": {
            "dateTime": "2020-09-17T14:47:38.000+0000",
            "zone": "UTC"
        },
        "unlockUserId": "00000000-0000-0000-0000-000000000000",
        "updatedTimestamp": {
            "dateTime": "2022-05-05T18:15:14.927+0000",
            "zone": "UTC"
        }
    },
    {
        "impactId": "d49497b1-f680-40f5-b9e7-0dd278957971",
        "userId": "e4f8131a-3c27-4b2c-ae7b-7f885233512b",
        "equipmentId": "5903d019-97ba-3ffb-9a83-c2a93a2f843d",
        "equipmentTypeId": "2c555ec4-5518-49cc-b4c6-7444c70f35c6",
        "locationId": "d021b1ea-6bbc-46c7-a033-034da41ad906",
        "categoryId": "d48cea97-749e-4dc3-a4cb-08b9aa5b89a2",
        "capturedX": 13,
        "capturedY": 9,
        "capturedSpeed": {
            "value": 0.0,
            "unit": "mps"
        },
        "eventTimestamp": {
            "dateTime": "2020-09-17T15:39:04.000+0000",
            "zone": "UTC"
        },
        "unlockTimestamp": {
            "dateTime": "2020-09-17T15:40:07.000+0000",
            "zone": "UTC"
        },
        "unlockUserId": "e4f8131a-3c27-4b2c-ae7b-7f885233512b",
        "updatedTimestamp": {
            "dateTime": "2022-05-05T18:15:14.934+0000",
            "zone": "UTC"
        }
    },
    {
        "impactId": "06fee9bf-c35a-4105-904b-8d1f6fef2895",
        "userId": "e4f8131a-3c27-4b2c-ae7b-7f885233512b",
        "equipmentId": "5903d019-97ba-3ffb-9a83-c2a93a2f843d",
        "equipmentTypeId": "2c555ec4-5518-49cc-b4c6-7444c70f35c6",
        "locationId": "d021b1ea-6bbc-46c7-a033-034da41ad906",
        "categoryId": "d48cea97-749e-4dc3-a4cb-08b9aa5b89a2",
        "capturedX": 40,
        "capturedY": 35,
        "capturedSpeed": {
            "value": 0.0,
            "unit": "mps"
        },
        "eventTimestamp": {
            "dateTime": "2020-09-22T16:44:05.000+0000",
            "zone": "UTC"
        },
        "unlockTimestamp": {
            "dateTime": "2020-09-22T16:48:33.000+0000",
            "zone": "UTC"
        },
        "unlockUserId": "e4f8131a-3c27-4b2c-ae7b-7f885233512b",
        "updatedTimestamp": {
            "dateTime": "2022-05-05T18:26:16.930+0000",
            "zone": "UTC"
        }
    },
    {
        "impactId": "7bf25c41-d5e5-4064-b2d9-702e627b7b2d",
        "userId": "bfc105b5-7ae6-432d-ae13-db2a3096a0c9",
        "equipmentId": "5841178d-38d9-3ec6-8149-5fccafe0de2a",
        "equipmentTypeId": "1ebc9af4-efa5-4d2a-935c-f15b08ac3ce2",
        "locationId": "d021b1ea-6bbc-46c7-a033-034da41ad906",
        "categoryId": "d48cea97-749e-4dc3-a4cb-08b9aa5b89a2",
        "capturedX": 3,
        "capturedY": 7,
        "capturedSpeed": {
            "value": 0.0,
            "unit": "mps"
        },
        "eventTimestamp": {
            "dateTime": "2020-09-28T16:05:21.000+0000",
            "zone": "UTC"
        },
        "unlockUserId": "00000000-0000-0000-0000-000000000000",
        "updatedTimestamp": {
            "dateTime": "2022-05-05T19:16:14.032+0000",
            "zone": "UTC"
        }
    },
    {
        "impactId": "93d74f69-08fe-4e32-a286-a66ae3521ea2",
        "userId": "e4f8131a-3c27-4b2c-ae7b-7f885233512b",
        "equipmentId": "5841178d-38d9-3ec6-8149-5fccafe0de2a",
        "equipmentTypeId": "1ebc9af4-efa5-4d2a-935c-f15b08ac3ce2",
        "locationId": "d021b1ea-6bbc-46c7-a033-034da41ad906",
        "categoryId": "d48cea97-749e-4dc3-a4cb-08b9aa5b89a2",
        "capturedX": 17,
        "capturedY": 13,
        "capturedSpeed": {
            "value": 0.0,
            "unit": "mps"
        },
        "eventTimestamp": {
            "dateTime": "2020-09-28T16:06:31.000+0000",
            "zone": "UTC"
        },
        "unlockUserId": "00000000-0000-0000-0000-000000000000",
        "updatedTimestamp": {
            "dateTime": "2022-05-05T19:16:14.037+0000",
            "zone": "UTC"
        }
    },
    {
        "impactId": "94c3d521-a732-4249-99f3-2d857318b4ae",
        "userId": "e4f8131a-3c27-4b2c-ae7b-7f885233512b",
        "equipmentId": "5841178d-38d9-3ec6-8149-5fccafe0de2a",
        "equipmentTypeId": "1ebc9af4-efa5-4d2a-935c-f15b08ac3ce2",
        "locationId": "d021b1ea-6bbc-46c7-a033-034da41ad906",
        "categoryId": "d48cea97-749e-4dc3-a4cb-08b9aa5b89a2",
        "capturedX": 28,
        "capturedY": 17,
        "capturedSpeed": {
            "value": 0.0,
            "unit": "mps"
        },
        "eventTimestamp": {
            "dateTime": "2020-09-28T16:06:49.000+0000",
            "zone": "UTC"
        },
        "unlockUserId": "00000000-0000-0000-0000-000000000000",
        "updatedTimestamp": {
            "dateTime": "2022-05-05T19:16:14.042+0000",
            "zone": "UTC"
        }
    },
    {
        "impactId": "301dd025-1851-458a-a8d6-f467c1a4c05f",
        "userId": "e4f8131a-3c27-4b2c-ae7b-7f885233512b",
        "equipmentId": "c71d7bd3-08bc-3348-a858-f7fdc8c7d210",
        "equipmentTypeId": "d151767e-d97b-4c3d-ad09-74df1b9c1cb2",
        "locationId": "d021b1ea-6bbc-46c7-a033-034da41ad906",
        "categoryId": "d48cea97-749e-4dc3-a4cb-08b9aa5b89a2",
        "capturedX": 14,
        "capturedY": 1,
        "capturedSpeed": {
            "value": 0.0,
            "unit": "mps"
        },
        "eventTimestamp": {
            "dateTime": "2020-09-28T16:55:37.000+0000",
            "zone": "UTC"
        },
        "unlockTimestamp": {
            "dateTime": "2020-09-28T16:55:55.000+0000",
            "zone": "UTC"
        },
        "unlockUserId": "e4f8131a-3c27-4b2c-ae7b-7f885233512b",
        "updatedTimestamp": {
            "dateTime": "2022-05-05T19:16:14.086+0000",
            "zone": "UTC"
        }
    },
    {
        "impactId": "cac7eea0-51da-4fed-b487-f002808a18d1",
        "userId": "e4f8131a-3c27-4b2c-ae7b-7f885233512b",
        "equipmentId": "c71d7bd3-08bc-3348-a858-f7fdc8c7d210",
        "equipmentTypeId": "d151767e-d97b-4c3d-ad09-74df1b9c1cb2",
        "locationId": "d021b1ea-6bbc-46c7-a033-034da41ad906",
        "categoryId": "d48cea97-749e-4dc3-a4cb-08b9aa5b89a2",
        "capturedX": 18,
        "capturedY": 11,
        "capturedSpeed": {
            "value": 0.0,
            "unit": "mps"
        },
        "eventTimestamp": {
            "dateTime": "2020-09-28T16:55:32.000+0000",
            "zone": "UTC"
        },
        "unlockTimestamp": {
            "dateTime": "2020-09-28T16:55:55.000+0000",
            "zone": "UTC"
        },
        "unlockUserId": "e4f8131a-3c27-4b2c-ae7b-7f885233512b",
        "updatedTimestamp": {
            "dateTime": "2022-05-05T19:16:14.090+0000",
            "zone": "UTC"
        }
    },
    {
        "impactId": "51c3d263-2283-4c56-844a-6d8b272d5771",
        "userId": "e4f8131a-3c27-4b2c-ae7b-7f885233512b",
        "equipmentId": "5903d019-97ba-3ffb-9a83-c2a93a2f843d",
        "equipmentTypeId": "2c555ec4-5518-49cc-b4c6-7444c70f35c6",
        "locationId": "d021b1ea-6bbc-46c7-a033-034da41ad906",
        "categoryId": "d48cea97-749e-4dc3-a4cb-08b9aa5b89a2",
        "capturedX": 40,
        "capturedY": 35,
        "capturedSpeed": {
            "value": 0.0,
            "unit": "mps"
        },
        "eventTimestamp": {
            "dateTime": "2020-10-02T14:09:40.000+0000",
            "zone": "UTC"
        },
        "unlockTimestamp": {
            "dateTime": "2020-10-02T14:11:44.000+0000",
            "zone": "UTC"
        },
        "unlockUserId": "e4f8131a-3c27-4b2c-ae7b-7f885233512b",
        "updatedTimestamp": {
            "dateTime": "2022-05-05T19:16:14.095+0000",
            "zone": "UTC"
        }
    },
    {
        "impactId": "5b327853-7e8c-4c20-bc7c-3f3124de4fa6",
        "userId": "e4f8131a-3c27-4b2c-ae7b-7f885233512b",
        "equipmentId": "c71d7bd3-08bc-3348-a858-f7fdc8c7d210",
        "equipmentTypeId": "d151767e-d97b-4c3d-ad09-74df1b9c1cb2",
        "locationId": "d021b1ea-6bbc-46c7-a033-034da41ad906",
        "categoryId": "d48cea97-749e-4dc3-a4cb-08b9aa5b89a2",
        "capturedX": 17,
        "capturedY": 8,
        "capturedSpeed": {
            "value": 0.0,
            "unit": "mps"
        },
        "eventTimestamp": {
            "dateTime": "2020-10-02T14:13:21.000+0000",
            "zone": "UTC"
        },
        "unlockTimestamp": {
            "dateTime": "2020-10-02T14:14:01.000+0000",
            "zone": "UTC"
        },
        "unlockUserId": "e4f8131a-3c27-4b2c-ae7b-7f885233512b",
        "updatedTimestamp": {
            "dateTime": "2022-05-05T19:16:14.099+0000",
            "zone": "UTC"
        }
    },
    {
        "impactId": "8d0207ac-3b1e-4973-9b33-dc03c687fac6",
        "userId": "bfc105b5-7ae6-432d-ae13-db2a3096a0c9",
        "equipmentId": "5903d019-97ba-3ffb-9a83-c2a93a2f843d",
        "equipmentTypeId": "2c555ec4-5518-49cc-b4c6-7444c70f35c6",
        "locationId": "d021b1ea-6bbc-46c7-a033-034da41ad906",
        "categoryId": "d48cea97-749e-4dc3-a4cb-08b9aa5b89a2",
        "capturedX": 40,
        "capturedY": 35,
        "capturedSpeed": {
            "value": 0.0,
            "unit": "mps"
        },
        "eventTimestamp": {
            "dateTime": "2020-10-02T14:06:55.000+0000",
            "zone": "UTC"
        },
        "unlockTimestamp": {
            "dateTime": "2020-10-02T14:08:27.000+0000",
            "zone": "UTC"
        },
        "unlockUserId": "e4f8131a-3c27-4b2c-ae7b-7f885233512b",
        "updatedTimestamp": {
            "dateTime": "2022-05-05T19:16:14.104+0000",
            "zone": "UTC"
        }
    },
    {
        "impactId": "b68ff143-cdb8-4934-aab0-0425c9ac8f6b",
        "userId": "e4f8131a-3c27-4b2c-ae7b-7f885233512b",
        "equipmentId": "c71d7bd3-08bc-3348-a858-f7fdc8c7d210",
        "equipmentTypeId": "d151767e-d97b-4c3d-ad09-74df1b9c1cb2",
        "locationId": "d021b1ea-6bbc-46c7-a033-034da41ad906",
        "categoryId": "d48cea97-749e-4dc3-a4cb-08b9aa5b89a2",
        "capturedX": 12,
        "capturedY": 6,
        "capturedSpeed": {
            "value": 0.0,
            "unit": "mps"
        },
        "eventTimestamp": {
            "dateTime": "2020-10-02T14:17:38.000+0000",
            "zone": "UTC"
        },
        "unlockTimestamp": {
            "dateTime": "2020-10-02T14:20:18.000+0000",
            "zone": "UTC"
        },
        "unlockUserId": "e4f8131a-3c27-4b2c-ae7b-7f885233512b",
        "updatedTimestamp": {
            "dateTime": "2022-05-05T19:16:14.109+0000",
            "zone": "UTC"
        }
    },
    {
        "impactId": "f6851060-f950-4f9a-a435-fc922421993b",
        "userId": "e4f8131a-3c27-4b2c-ae7b-7f885233512b",
        "equipmentId": "c71d7bd3-08bc-3348-a858-f7fdc8c7d210",
        "equipmentTypeId": "d151767e-d97b-4c3d-ad09-74df1b9c1cb2",
        "locationId": "d021b1ea-6bbc-46c7-a033-034da41ad906",
        "categoryId": "d48cea97-749e-4dc3-a4cb-08b9aa5b89a2",
        "capturedX": 12,
        "capturedY": 6,
        "capturedSpeed": {
            "value": 0.0,
            "unit": "mps"
        },
        "eventTimestamp": {
            "dateTime": "2020-10-02T14:20:26.000+0000",
            "zone": "UTC"
        },
        "unlockTimestamp": {
            "dateTime": "2020-10-02T14:27:39.000+0000",
            "zone": "UTC"
        },
        "unlockUserId": "e4f8131a-3c27-4b2c-ae7b-7f885233512b",
        "updatedTimestamp": {
            "dateTime": "2022-05-05T19:16:14.114+0000",
            "zone": "UTC"
        }
    },
    {
        "impactId": "8d950286-9bca-43bb-b092-2da7d15d1b0c",
        "userId": "e4f8131a-3c27-4b2c-ae7b-7f885233512b",
        "equipmentId": "c71d7bd3-08bc-3348-a858-f7fdc8c7d210",
        "equipmentTypeId": "d151767e-d97b-4c3d-ad09-74df1b9c1cb2",
        "locationId": "d021b1ea-6bbc-46c7-a033-034da41ad906",
        "categoryId": "d48cea97-749e-4dc3-a4cb-08b9aa5b89a2",
        "capturedX": 25,
        "capturedY": 10,
        "capturedSpeed": {
            "value": 0.0,
            "unit": "mps"
        },
        "eventTimestamp": {
            "dateTime": "2020-10-02T14:34:44.000+0000",
            "zone": "UTC"
        },
        "unlockTimestamp": {
            "dateTime": "2020-10-02T14:39:04.000+0000",
            "zone": "UTC"
        },
        "unlockUserId": "e4f8131a-3c27-4b2c-ae7b-7f885233512b",
        "updatedTimestamp": {
            "dateTime": "2022-05-05T19:16:14.118+0000",
            "zone": "UTC"
        }
    },
    {
        "impactId": "46913efb-6871-46dd-9781-4e3cc06cefa8",
        "userId": "e4f8131a-3c27-4b2c-ae7b-7f885233512b",
        "equipmentId": "c71d7bd3-08bc-3348-a858-f7fdc8c7d210",
        "equipmentTypeId": "d151767e-d97b-4c3d-ad09-74df1b9c1cb2",
        "locationId": "d021b1ea-6bbc-46c7-a033-034da41ad906",
        "categoryId": "d48cea97-749e-4dc3-a4cb-08b9aa5b89a2",
        "capturedX": 13,
        "capturedY": 19,
        "capturedSpeed": {
            "value": 0.0,
            "unit": "mps"
        },
        "eventTimestamp": {
            "dateTime": "2020-10-02T14:49:34.000+0000",
            "zone": "UTC"
        },
        "unlockTimestamp": {
            "dateTime": "2020-10-02T14:50:19.000+0000",
            "zone": "UTC"
        },
        "unlockUserId": "e4f8131a-3c27-4b2c-ae7b-7f885233512b",
        "updatedTimestamp": {
            "dateTime": "2022-05-05T19:16:14.124+0000",
            "zone": "UTC"
        }
    },
    {
        "impactId": "eddbdb12-8b1c-4fab-b2bb-c770ae5d20aa",
        "userId": "e4f8131a-3c27-4b2c-ae7b-7f885233512b",
        "equipmentId": "c71d7bd3-08bc-3348-a858-f7fdc8c7d210",
        "equipmentTypeId": "d151767e-d97b-4c3d-ad09-74df1b9c1cb2",
        "locationId": "d021b1ea-6bbc-46c7-a033-034da41ad906",
        "categoryId": "d48cea97-749e-4dc3-a4cb-08b9aa5b89a2",
        "capturedX": 21,
        "capturedY": 13,
        "capturedSpeed": {
            "value": 0.0,
            "unit": "mps"
        },
        "eventTimestamp": {
            "dateTime": "2020-10-02T14:39:13.000+0000",
            "zone": "UTC"
        },
        "unlockTimestamp": {
            "dateTime": "2020-10-02T14:39:47.000+0000",
            "zone": "UTC"
        },
        "unlockUserId": "e4f8131a-3c27-4b2c-ae7b-7f885233512b",
        "updatedTimestamp": {
            "dateTime": "2022-05-05T19:16:14.128+0000",
            "zone": "UTC"
        }
    },
    {
        "impactId": "4410a918-b122-4177-b74b-8f635106bab2",
        "userId": "e4f8131a-3c27-4b2c-ae7b-7f885233512b",
        "equipmentId": "c71d7bd3-08bc-3348-a858-f7fdc8c7d210",
        "equipmentTypeId": "d151767e-d97b-4c3d-ad09-74df1b9c1cb2",
        "locationId": "d021b1ea-6bbc-46c7-a033-034da41ad906",
        "categoryId": "d48cea97-749e-4dc3-a4cb-08b9aa5b89a2",
        "capturedX": 15,
        "capturedY": 14,
        "capturedSpeed": {
            "value": 0.0,
            "unit": "mps"
        },
        "eventTimestamp": {
            "dateTime": "2020-10-02T14:50:30.000+0000",
            "zone": "UTC"
        },
        "unlockTimestamp": {
            "dateTime": "2020-10-02T14:55:26.000+0000",
            "zone": "UTC"
        },
        "unlockUserId": "e4f8131a-3c27-4b2c-ae7b-7f885233512b",
        "updatedTimestamp": {
            "dateTime": "2022-05-05T19:16:14.133+0000",
            "zone": "UTC"
        }
    },
    {
        "impactId": "14a3ff9a-4443-44e9-ae73-13169dc37d2d",
        "userId": "e4f8131a-3c27-4b2c-ae7b-7f885233512b",
        "equipmentId": "c71d7bd3-08bc-3348-a858-f7fdc8c7d210",
        "equipmentTypeId": "d151767e-d97b-4c3d-ad09-74df1b9c1cb2",
        "locationId": "d021b1ea-6bbc-46c7-a033-034da41ad906",
        "categoryId": "d48cea97-749e-4dc3-a4cb-08b9aa5b89a2",
        "capturedX": 9,
        "capturedY": 15,
        "capturedSpeed": {
            "value": 0.0,
            "unit": "mps"
        },
        "eventTimestamp": {
            "dateTime": "2020-10-02T14:57:48.000+0000",
            "zone": "UTC"
        },
        "unlockTimestamp": {
            "dateTime": "2020-10-02T14:58:38.000+0000",
            "zone": "UTC"
        },
        "unlockUserId": "e4f8131a-3c27-4b2c-ae7b-7f885233512b",
        "updatedTimestamp": {
            "dateTime": "2022-05-05T19:16:14.138+0000",
            "zone": "UTC"
        }
    },
    {
        "impactId": "accc24cc-c0df-41c0-b6c7-856ec406bf0b",
        "userId": "e4f8131a-3c27-4b2c-ae7b-7f885233512b",
        "equipmentId": "c71d7bd3-08bc-3348-a858-f7fdc8c7d210",
        "equipmentTypeId": "d151767e-d97b-4c3d-ad09-74df1b9c1cb2",
        "locationId": "d021b1ea-6bbc-46c7-a033-034da41ad906",
        "categoryId": "d48cea97-749e-4dc3-a4cb-08b9aa5b89a2",
        "capturedX": 16,
        "capturedY": 15,
        "capturedSpeed": {
            "value": 0.0,
            "unit": "mps"
        },
        "eventTimestamp": {
            "dateTime": "2020-10-02T15:41:16.000+0000",
            "zone": "UTC"
        },
        "unlockTimestamp": {
            "dateTime": "2020-10-02T15:42:24.000+0000",
            "zone": "UTC"
        },
        "unlockUserId": "e4f8131a-3c27-4b2c-ae7b-7f885233512b",
        "updatedTimestamp": {
            "dateTime": "2022-05-05T19:16:14.144+0000",
            "zone": "UTC"
        }
    },
    {
        "impactId": "dd2a0633-a8e2-40d9-affa-2492590d4832",
        "userId": "e4f8131a-3c27-4b2c-ae7b-7f885233512b",
        "equipmentId": "c71d7bd3-08bc-3348-a858-f7fdc8c7d210",
        "equipmentTypeId": "d151767e-d97b-4c3d-ad09-74df1b9c1cb2",
        "locationId": "d021b1ea-6bbc-46c7-a033-034da41ad906",
        "categoryId": "d48cea97-749e-4dc3-a4cb-08b9aa5b89a2",
        "capturedX": 15,
        "capturedY": 26,
        "capturedSpeed": {
            "value": 3.844544,
            "unit": "mps"
        },
        "eventTimestamp": {
            "dateTime": "2020-10-02T14:59:42.000+0000",
            "zone": "UTC"
        },
        "unlockTimestamp": {
            "dateTime": "2020-10-02T15:40:14.000+0000",
            "zone": "UTC"
        },
        "unlockUserId": "e4f8131a-3c27-4b2c-ae7b-7f885233512b",
        "updatedTimestamp": {
            "dateTime": "2022-05-05T19:16:14.150+0000",
            "zone": "UTC"
        }
    },
    {
        "impactId": "bcaab37a-6619-4ac1-928f-ca02320d778e",
        "userId": "e4f8131a-3c27-4b2c-ae7b-7f885233512b",
        "equipmentId": "c71d7bd3-08bc-3348-a858-f7fdc8c7d210",
        "equipmentTypeId": "d151767e-d97b-4c3d-ad09-74df1b9c1cb2",
        "locationId": "d021b1ea-6bbc-46c7-a033-034da41ad906",
        "categoryId": "d48cea97-749e-4dc3-a4cb-08b9aa5b89a2",
        "capturedX": 32,
        "capturedY": 19,
        "capturedSpeed": {
            "value": 1.654048,
            "unit": "mps"
        },
        "eventTimestamp": {
            "dateTime": "2020-10-02T15:42:33.000+0000",
            "zone": "UTC"
        },
        "unlockTimestamp": {
            "dateTime": "2020-10-02T15:43:53.000+0000",
            "zone": "UTC"
        },
        "unlockUserId": "e4f8131a-3c27-4b2c-ae7b-7f885233512b",
        "updatedTimestamp": {
            "dateTime": "2022-05-05T19:16:14.154+0000",
            "zone": "UTC"
        }
    },
    {
        "impactId": "0b61b2f1-fa9b-41dd-a520-6d11df00818f",
        "userId": "e4f8131a-3c27-4b2c-ae7b-7f885233512b",
        "equipmentId": "5903d019-97ba-3ffb-9a83-c2a93a2f843d",
        "equipmentTypeId": "2c555ec4-5518-49cc-b4c6-7444c70f35c6",
        "locationId": "d021b1ea-6bbc-46c7-a033-034da41ad906",
        "categoryId": "d48cea97-749e-4dc3-a4cb-08b9aa5b89a2",
        "capturedX": 7,
        "capturedY": 7,
        "capturedSpeed": {
            "value": 0.0,
            "unit": "mps"
        },
        "eventTimestamp": {
            "dateTime": "2020-10-02T18:39:36.000+0000",
            "zone": "UTC"
        },
        "unlockTimestamp": {
            "dateTime": "2020-10-02T18:40:13.000+0000",
            "zone": "UTC"
        },
        "unlockUserId": "e4f8131a-3c27-4b2c-ae7b-7f885233512b",
        "updatedTimestamp": {
            "dateTime": "2022-05-05T19:16:14.159+0000",
            "zone": "UTC"
        }
    },
    {
        "impactId": "10f43766-9c4b-4e15-ba4e-37216464488a",
        "userId": "e4f8131a-3c27-4b2c-ae7b-7f885233512b",
        "equipmentId": "5903d019-97ba-3ffb-9a83-c2a93a2f843d",
        "equipmentTypeId": "2c555ec4-5518-49cc-b4c6-7444c70f35c6",
        "locationId": "d021b1ea-6bbc-46c7-a033-034da41ad906",
        "categoryId": "d48cea97-749e-4dc3-a4cb-08b9aa5b89a2",
        "capturedX": 23,
        "capturedY": 35,
        "capturedSpeed": {
            "value": 0.0,
            "unit": "mps"
        },
        "eventTimestamp": {
            "dateTime": "2020-10-02T18:39:31.000+0000",
            "zone": "UTC"
        },
        "unlockTimestamp": {
            "dateTime": "2020-10-02T18:40:13.000+0000",
            "zone": "UTC"
        },
        "unlockUserId": "e4f8131a-3c27-4b2c-ae7b-7f885233512b",
        "updatedTimestamp": {
            "dateTime": "2022-05-05T19:16:14.163+0000",
            "zone": "UTC"
        }
    },
    {
        "impactId": "c979b9f1-32fc-4d07-bdfb-a5be4ee391a2",
        "userId": "e4f8131a-3c27-4b2c-ae7b-7f885233512b",
        "equipmentId": "5903d019-97ba-3ffb-9a83-c2a93a2f843d",
        "equipmentTypeId": "2c555ec4-5518-49cc-b4c6-7444c70f35c6",
        "locationId": "d021b1ea-6bbc-46c7-a033-034da41ad906",
        "categoryId": "d48cea97-749e-4dc3-a4cb-08b9aa5b89a2",
        "capturedX": 9,
        "capturedY": 15,
        "capturedSpeed": {
            "value": 0.0,
            "unit": "mps"
        },
        "eventTimestamp": {
            "dateTime": "2020-10-02T18:39:40.000+0000",
            "zone": "UTC"
        },
        "unlockTimestamp": {
            "dateTime": "2020-10-02T18:40:13.000+0000",
            "zone": "UTC"
        },
        "unlockUserId": "e4f8131a-3c27-4b2c-ae7b-7f885233512b",
        "updatedTimestamp": {
            "dateTime": "2022-05-05T19:16:14.168+0000",
            "zone": "UTC"
        }
    },
    {
        "impactId": "d0ba85dd-b555-44e6-956c-a185e7d943f3",
        "userId": "e4f8131a-3c27-4b2c-ae7b-7f885233512b",
        "equipmentId": "5903d019-97ba-3ffb-9a83-c2a93a2f843d",
        "equipmentTypeId": "2c555ec4-5518-49cc-b4c6-7444c70f35c6",
        "locationId": "d021b1ea-6bbc-46c7-a033-034da41ad906",
        "categoryId": "d48cea97-749e-4dc3-a4cb-08b9aa5b89a2",
        "capturedX": 0,
        "capturedY": 8,
        "capturedSpeed": {
            "value": 0.0,
            "unit": "mps"
        },
        "eventTimestamp": {
            "dateTime": "2020-10-02T18:39:19.000+0000",
            "zone": "UTC"
        },
        "unlockTimestamp": {
            "dateTime": "2020-10-02T18:40:13.000+0000",
            "zone": "UTC"
        },
        "unlockUserId": "e4f8131a-3c27-4b2c-ae7b-7f885233512b",
        "updatedTimestamp": {
            "dateTime": "2022-05-05T19:16:14.179+0000",
            "zone": "UTC"
        }
    },
    {
        "impactId": "d465b134-4301-4a66-b3fe-8fbea37140c6",
        "userId": "e4f8131a-3c27-4b2c-ae7b-7f885233512b",
        "equipmentId": "5903d019-97ba-3ffb-9a83-c2a93a2f843d",
        "equipmentTypeId": "2c555ec4-5518-49cc-b4c6-7444c70f35c6",
        "locationId": "d021b1ea-6bbc-46c7-a033-034da41ad906",
        "categoryId": "d48cea97-749e-4dc3-a4cb-08b9aa5b89a2",
        "capturedX": 1,
        "capturedY": 4,
        "capturedSpeed": {
            "value": 0.0,
            "unit": "mps"
        },
        "eventTimestamp": {
            "dateTime": "2020-10-02T18:39:30.000+0000",
            "zone": "UTC"
        },
        "unlockTimestamp": {
            "dateTime": "2020-10-02T18:40:13.000+0000",
            "zone": "UTC"
        },
        "unlockUserId": "e4f8131a-3c27-4b2c-ae7b-7f885233512b",
        "updatedTimestamp": {
            "dateTime": "2022-05-05T19:16:14.187+0000",
            "zone": "UTC"
        }
    },
    {
        "impactId": "02c651e2-d097-4fdc-87e4-922602bd2153",
        "userId": "bfc105b5-7ae6-432d-ae13-db2a3096a0c9",
        "equipmentId": "5903d019-97ba-3ffb-9a83-c2a93a2f843d",
        "equipmentTypeId": "2c555ec4-5518-49cc-b4c6-7444c70f35c6",
        "locationId": "d021b1ea-6bbc-46c7-a033-034da41ad906",
        "categoryId": "d48cea97-749e-4dc3-a4cb-08b9aa5b89a2",
        "capturedX": 39,
        "capturedY": 26,
        "capturedSpeed": {
            "value": 0.0,
            "unit": "mps"
        },
        "eventTimestamp": {
            "dateTime": "2020-10-07T14:09:18.000+0000",
            "zone": "UTC"
        },
        "unlockTimestamp": {
            "dateTime": "2020-10-07T14:09:42.000+0000",
            "zone": "UTC"
        },
        "unlockUserId": "e4f8131a-3c27-4b2c-ae7b-7f885233512b",
        "updatedTimestamp": {
            "dateTime": "2022-05-05T19:16:14.194+0000",
            "zone": "UTC"
        }
    },
    {
        "impactId": "3049a6ee-393c-407e-b7e0-a7ff0d299066",
        "userId": "e4f8131a-3c27-4b2c-ae7b-7f885233512b",
        "equipmentId": "5903d019-97ba-3ffb-9a83-c2a93a2f843d",
        "equipmentTypeId": "2c555ec4-5518-49cc-b4c6-7444c70f35c6",
        "locationId": "d021b1ea-6bbc-46c7-a033-034da41ad906",
        "categoryId": "d48cea97-749e-4dc3-a4cb-08b9aa5b89a2",
        "capturedX": 39,
        "capturedY": 18,
        "capturedSpeed": {
            "value": 0.0,
            "unit": "mps"
        },
        "eventTimestamp": {
            "dateTime": "2020-10-07T14:21:06.000+0000",
            "zone": "UTC"
        },
        "unlockTimestamp": {
            "dateTime": "2020-10-07T14:22:15.000+0000",
            "zone": "UTC"
        },
        "unlockUserId": "e4f8131a-3c27-4b2c-ae7b-7f885233512b",
        "updatedTimestamp": {
            "dateTime": "2022-05-05T19:16:14.198+0000",
            "zone": "UTC"
        }
    },
    {
        "impactId": "1368006b-38d5-486e-88fb-5f029fbebf8c",
        "userId": "e4f8131a-3c27-4b2c-ae7b-7f885233512b",
        "equipmentId": "5903d019-97ba-3ffb-9a83-c2a93a2f843d",
        "equipmentTypeId": "2c555ec4-5518-49cc-b4c6-7444c70f35c6",
        "locationId": "d021b1ea-6bbc-46c7-a033-034da41ad906",
        "categoryId": "d48cea97-749e-4dc3-a4cb-08b9aa5b89a2",
        "capturedX": 39,
        "capturedY": 35,
        "capturedSpeed": {
            "value": 0.0,
            "unit": "mps"
        },
        "eventTimestamp": {
            "dateTime": "2020-10-07T18:21:22.000+0000",
            "zone": "UTC"
        },
        "unlockTimestamp": {
            "dateTime": "2020-10-07T18:25:27.000+0000",
            "zone": "UTC"
        },
        "unlockUserId": "e4f8131a-3c27-4b2c-ae7b-7f885233512b",
        "updatedTimestamp": {
            "dateTime": "2022-05-05T19:16:14.203+0000",
            "zone": "UTC"
        }
    },
    {
        "impactId": "bc1f58da-60e0-45d0-b337-526763d630f7",
        "userId": "e4f8131a-3c27-4b2c-ae7b-7f885233512b",
        "equipmentId": "5903d019-97ba-3ffb-9a83-c2a93a2f843d",
        "equipmentTypeId": "2c555ec4-5518-49cc-b4c6-7444c70f35c6",
        "locationId": "d021b1ea-6bbc-46c7-a033-034da41ad906",
        "categoryId": "d48cea97-749e-4dc3-a4cb-08b9aa5b89a2",
        "capturedX": 9,
        "capturedY": 9,
        "capturedSpeed": {
            "value": 0.0,
            "unit": "mps"
        },
        "eventTimestamp": {
            "dateTime": "2020-10-07T18:21:24.000+0000",
            "zone": "UTC"
        },
        "unlockTimestamp": {
            "dateTime": "2020-10-07T18:25:27.000+0000",
            "zone": "UTC"
        },
        "unlockUserId": "e4f8131a-3c27-4b2c-ae7b-7f885233512b",
        "updatedTimestamp": {
            "dateTime": "2022-05-05T19:16:14.208+0000",
            "zone": "UTC"
        }
    },
    {
        "impactId": "1378400f-b9d8-42a1-8901-8a1e5e19af52",
        "userId": "e4f8131a-3c27-4b2c-ae7b-7f885233512b",
        "equipmentId": "c71d7bd3-08bc-3348-a858-f7fdc8c7d210",
        "equipmentTypeId": "d151767e-d97b-4c3d-ad09-74df1b9c1cb2",
        "locationId": "d021b1ea-6bbc-46c7-a033-034da41ad906",
        "categoryId": "d48cea97-749e-4dc3-a4cb-08b9aa5b89a2",
        "capturedX": 24,
        "capturedY": 14,
        "capturedSpeed": {
            "value": 3.12928,
            "unit": "mps"
        },
        "eventTimestamp": {
            "dateTime": "2020-10-07T18:32:43.000+0000",
            "zone": "UTC"
        },
        "unlockTimestamp": {
            "dateTime": "2020-10-07T18:40:59.000+0000",
            "zone": "UTC"
        },
        "unlockUserId": "e4f8131a-3c27-4b2c-ae7b-7f885233512b",
        "updatedTimestamp": {
            "dateTime": "2022-05-05T19:16:14.214+0000",
            "zone": "UTC"
        }
    },
    {
        "impactId": "465bc2ed-4721-4d30-ae93-3151769bfdea",
        "userId": "e4f8131a-3c27-4b2c-ae7b-7f885233512b",
        "equipmentId": "c71d7bd3-08bc-3348-a858-f7fdc8c7d210",
        "equipmentTypeId": "d151767e-d97b-4c3d-ad09-74df1b9c1cb2",
        "locationId": "d021b1ea-6bbc-46c7-a033-034da41ad906",
        "categoryId": "d48cea97-749e-4dc3-a4cb-08b9aa5b89a2",
        "capturedX": 14,
        "capturedY": 7,
        "capturedSpeed": {
            "value": 0.0,
            "unit": "mps"
        },
        "eventTimestamp": {
            "dateTime": "2020-10-07T18:41:12.000+0000",
            "zone": "UTC"
        },
        "unlockTimestamp": {
            "dateTime": "2020-10-07T18:43:24.000+0000",
            "zone": "UTC"
        },
        "unlockUserId": "e4f8131a-3c27-4b2c-ae7b-7f885233512b",
        "updatedTimestamp": {
            "dateTime": "2022-05-05T19:16:14.220+0000",
            "zone": "UTC"
        }
    },
    {
        "impactId": "2e76650c-43db-4e43-b65b-b0dbe7ced271",
        "userId": "e4f8131a-3c27-4b2c-ae7b-7f885233512b",
        "equipmentId": "5b08b453-2990-3d7f-9e2c-464448410752",
        "equipmentTypeId": "d151767e-d97b-4c3d-ad09-74df1b9c1cb2",
        "locationId": "d021b1ea-6bbc-46c7-a033-034da41ad906",
        "categoryId": "d48cea97-749e-4dc3-a4cb-08b9aa5b89a2",
        "capturedX": 1,
        "capturedY": 11,
        "capturedSpeed": {
            "value": 0.0,
            "unit": "mps"
        },
        "eventTimestamp": {
            "dateTime": "2020-10-13T14:09:19.000+0000",
            "zone": "UTC"
        },
        "unlockUserId": "00000000-0000-0000-0000-000000000000",
        "updatedTimestamp": {
            "dateTime": "2022-05-05T19:24:12.244+0000",
            "zone": "UTC"
        }
    },
    {
        "impactId": "322e97ac-71f0-4baf-be8e-f475746f4575",
        "userId": "e4f8131a-3c27-4b2c-ae7b-7f885233512b",
        "equipmentId": "c71d7bd3-08bc-3348-a858-f7fdc8c7d210",
        "equipmentTypeId": "d151767e-d97b-4c3d-ad09-74df1b9c1cb2",
        "locationId": "d021b1ea-6bbc-46c7-a033-034da41ad906",
        "categoryId": "d48cea97-749e-4dc3-a4cb-08b9aa5b89a2",
        "capturedX": 17,
        "capturedY": 16,
        "capturedSpeed": {
            "value": 0.0,
            "unit": "mps"
        },
        "eventTimestamp": {
            "dateTime": "2021-01-12T14:26:30.000+0000",
            "zone": "UTC"
        },
        "unlockTimestamp": {
            "dateTime": "2021-01-12T14:26:55.000+0000",
            "zone": "UTC"
        },
        "unlockUserId": "e4f8131a-3c27-4b2c-ae7b-7f885233512b",
        "updatedTimestamp": {
            "dateTime": "2022-05-05T22:56:08.881+0000",
            "zone": "UTC"
        }
    },
    {
        "impactId": "fab47953-4b9a-4190-977c-2cd7f6e8f0f8",
        "userId": "a3ffae99-336a-4778-81a4-a9018f3a211d",
        "equipmentId": "cc0da075-bba0-321b-b030-b16bba6ab76e",
        "equipmentTypeId": "0dc4e7fe-1e08-47c8-8f5c-e8d92bfe5509",
        "locationId": "d021b1ea-6bbc-46c7-a033-034da41ad906",
        "categoryId": "d48cea97-749e-4dc3-a4cb-08b9aa5b89a2",
        "capturedX": 2,
        "capturedY": 4,
        "capturedSpeed": {
            "value": 0.0,
            "unit": "mps"
        },
        "eventTimestamp": {
            "dateTime": "2021-02-12T21:13:35.000+0000",
            "zone": "UTC"
        },
        "unlockUserId": "00000000-0000-0000-0000-000000000000",
        "updatedTimestamp": {
            "dateTime": "2022-05-05T23:32:10.139+0000",
            "zone": "UTC"
        }
    },
    {
        "impactId": "92aabf19-5054-487d-914c-92dbcff90003",
        "userId": "a3ffae99-336a-4778-81a4-a9018f3a211d",
        "equipmentId": "cc0da075-bba0-321b-b030-b16bba6ab76e",
        "equipmentTypeId": "0dc4e7fe-1e08-47c8-8f5c-e8d92bfe5509",
        "locationId": "d021b1ea-6bbc-46c7-a033-034da41ad906",
        "categoryId": "d48cea97-749e-4dc3-a4cb-08b9aa5b89a2",
        "capturedX": 2,
        "capturedY": 1,
        "capturedSpeed": {
            "value": 0.0,
            "unit": "mps"
        },
        "eventTimestamp": {
            "dateTime": "2021-02-12T21:15:06.000+0000",
            "zone": "UTC"
        },
        "unlockUserId": "00000000-0000-0000-0000-000000000000",
        "updatedTimestamp": {
            "dateTime": "2022-05-05T23:32:10.143+0000",
            "zone": "UTC"
        }
    },
    {
        "impactId": "38cb3969-ecb6-4f87-906e-4d45646a0394",
        "userId": "bfc105b5-7ae6-432d-ae13-db2a3096a0c9",
        "equipmentId": "dc5538b3-62e2-3fe1-96a6-d1569c0194d7",
        "equipmentTypeId": "37e0c6d2-5ec3-4916-997b-8ce2c6a2190a",
        "locationId": "649dce9e-ee11-4c83-8bd5-56cccdcc6031",
        "categoryId": "d48cea97-749e-4dc3-a4cb-08b9aa5b89a2",
        "capturedX": 16,
        "capturedY": 17,
        "capturedSpeed": {
            "value": 0.0,
            "unit": "mps"
        },
        "eventTimestamp": {
            "dateTime": "2021-04-16T14:33:08.000+0000",
            "zone": "UTC"
        },
        "unlockUserId": "00000000-0000-0000-0000-000000000000",
        "updatedTimestamp": {
            "dateTime": "2022-05-06T01:52:08.869+0000",
            "zone": "UTC"
        }
    },
    {
        "impactId": "41bdd5aa-5cbf-49f2-bd80-bcf108df100e",
        "userId": "bfc105b5-7ae6-432d-ae13-db2a3096a0c9",
        "equipmentId": "dc5538b3-62e2-3fe1-96a6-d1569c0194d7",
        "equipmentTypeId": "37e0c6d2-5ec3-4916-997b-8ce2c6a2190a",
        "locationId": "649dce9e-ee11-4c83-8bd5-56cccdcc6031",
        "categoryId": "d48cea97-749e-4dc3-a4cb-08b9aa5b89a2",
        "capturedX": 16,
        "capturedY": 17,
        "capturedSpeed": {
            "value": 0.0,
            "unit": "mps"
        },
        "eventTimestamp": {
            "dateTime": "2021-04-16T14:59:27.000+0000",
            "zone": "UTC"
        },
        "unlockUserId": "00000000-0000-0000-0000-000000000000",
        "updatedTimestamp": {
            "dateTime": "2022-05-06T01:52:08.876+0000",
            "zone": "UTC"
        }
    },
    {
        "impactId": "fb17d297-de7c-4d35-9083-d2afa96a1e61",
        "userId": "bfc105b5-7ae6-432d-ae13-db2a3096a0c9",
        "equipmentId": "dc5538b3-62e2-3fe1-96a6-d1569c0194d7",
        "equipmentTypeId": "37e0c6d2-5ec3-4916-997b-8ce2c6a2190a",
        "locationId": "649dce9e-ee11-4c83-8bd5-56cccdcc6031",
        "categoryId": "d48cea97-749e-4dc3-a4cb-08b9aa5b89a2",
        "capturedX": 16,
        "capturedY": 17,
        "capturedSpeed": {
            "value": 0.0,
            "unit": "mps"
        },
        "eventTimestamp": {
            "dateTime": "2021-04-16T15:57:00.000+0000",
            "zone": "UTC"
        },
        "unlockUserId": "00000000-0000-0000-0000-000000000000",
        "updatedTimestamp": {
            "dateTime": "2022-05-06T01:52:08.883+0000",
            "zone": "UTC"
        }
    },
    {
        "impactId": "981f0369-ad60-4860-bc80-72a59207a35e",
        "userId": "944ff3fc-4eb2-41dc-9174-30e2408f22a1",
        "equipmentId": "ed652cd8-7d2f-39a2-b3dc-a5a014c07765",
        "equipmentTypeId": "0dc4e7fe-1e08-47c8-8f5c-e8d92bfe5509",
        "locationId": "649dce9e-ee11-4c83-8bd5-56cccdcc6031",
        "categoryId": "d48cea97-749e-4dc3-a4cb-08b9aa5b89a2",
        "capturedX": 44,
        "capturedY": 40,
        "capturedSpeed": {
            "value": 0.0,
            "unit": "mps"
        },
        "eventTimestamp": {
            "dateTime": "2021-04-19T12:54:57.000+0000",
            "zone": "UTC"
        },
        "unlockUserId": "00000000-0000-0000-0000-000000000000",
        "updatedTimestamp": {
            "dateTime": "2022-05-06T01:52:08.899+0000",
            "zone": "UTC"
        }
    },
    {
        "impactId": "2a25e42d-b344-4946-8cdc-fa242d2a117d",
        "userId": "944ff3fc-4eb2-41dc-9174-30e2408f22a1",
        "equipmentId": "ed652cd8-7d2f-39a2-b3dc-a5a014c07765",
        "equipmentTypeId": "0dc4e7fe-1e08-47c8-8f5c-e8d92bfe5509",
        "locationId": "649dce9e-ee11-4c83-8bd5-56cccdcc6031",
        "categoryId": "d48cea97-749e-4dc3-a4cb-08b9aa5b89a2",
        "capturedX": 44,
        "capturedY": 40,
        "capturedSpeed": {
            "value": 0.0,
            "unit": "mps"
        },
        "eventTimestamp": {
            "dateTime": "2021-04-19T12:54:57.000+0000",
            "zone": "UTC"
        },
        "unlockUserId": "00000000-0000-0000-0000-000000000000",
        "updatedTimestamp": {
            "dateTime": "2022-05-06T01:52:08.906+0000",
            "zone": "UTC"
        }
    },
    {
        "impactId": "318d27e4-edb1-4700-a466-b01cdb835fae",
        "userId": "93cc0ba8-41d5-4bdc-a3c1-70aea338529d",
        "equipmentId": "ed652cd8-7d2f-39a2-b3dc-a5a014c07765",
        "equipmentTypeId": "0dc4e7fe-1e08-47c8-8f5c-e8d92bfe5509",
        "locationId": "649dce9e-ee11-4c83-8bd5-56cccdcc6031",
        "categoryId": "d48cea97-749e-4dc3-a4cb-08b9aa5b89a2",
        "capturedX": 44,
        "capturedY": 42,
        "capturedSpeed": {
            "value": 0.0,
            "unit": "mps"
        },
        "eventTimestamp": {
            "dateTime": "2021-04-19T12:58:03.000+0000",
            "zone": "UTC"
        },
        "unlockUserId": "00000000-0000-0000-0000-000000000000",
        "updatedTimestamp": {
            "dateTime": "2022-05-06T01:52:08.912+0000",
            "zone": "UTC"
        }
    },
    {
        "impactId": "9b8433f6-8521-4c5c-9fa3-b9a69db86c84",
        "userId": "93cc0ba8-41d5-4bdc-a3c1-70aea338529d",
        "equipmentId": "ed652cd8-7d2f-39a2-b3dc-a5a014c07765",
        "equipmentTypeId": "0dc4e7fe-1e08-47c8-8f5c-e8d92bfe5509",
        "locationId": "649dce9e-ee11-4c83-8bd5-56cccdcc6031",
        "categoryId": "d48cea97-749e-4dc3-a4cb-08b9aa5b89a2",
        "capturedX": 22,
        "capturedY": 31,
        "capturedSpeed": {
            "value": 0.0,
            "unit": "mps"
        },
        "eventTimestamp": {
            "dateTime": "2021-04-19T12:58:04.000+0000",
            "zone": "UTC"
        },
        "unlockUserId": "00000000-0000-0000-0000-000000000000",
        "updatedTimestamp": {
            "dateTime": "2022-05-06T01:52:08.918+0000",
            "zone": "UTC"
        }
    },
    {
        "impactId": "004c5ff7-e3dc-4c08-933b-3daa5f8e2c8a",
        "userId": "75c6e127-1e7d-4291-bec2-0e2dbcb03406",
        "equipmentId": "ed652cd8-7d2f-39a2-b3dc-a5a014c07765",
        "equipmentTypeId": "0dc4e7fe-1e08-47c8-8f5c-e8d92bfe5509",
        "locationId": "649dce9e-ee11-4c83-8bd5-56cccdcc6031",
        "categoryId": "d48cea97-749e-4dc3-a4cb-08b9aa5b89a2",
        "capturedX": 7,
        "capturedY": 9,
        "capturedSpeed": {
            "value": 0.0,
            "unit": "mps"
        },
        "eventTimestamp": {
            "dateTime": "2021-04-19T20:03:36.000+0000",
            "zone": "UTC"
        },
        "unlockUserId": "00000000-0000-0000-0000-000000000000",
        "updatedTimestamp": {
            "dateTime": "2022-05-06T01:52:08.923+0000",
            "zone": "UTC"
        }
    },
    {
        "impactId": "f6e59b0a-68d1-4f05-9a9d-21440af97841",
        "userId": "75c6e127-1e7d-4291-bec2-0e2dbcb03406",
        "equipmentId": "ed652cd8-7d2f-39a2-b3dc-a5a014c07765",
        "equipmentTypeId": "0dc4e7fe-1e08-47c8-8f5c-e8d92bfe5509",
        "locationId": "649dce9e-ee11-4c83-8bd5-56cccdcc6031",
        "categoryId": "d48cea97-749e-4dc3-a4cb-08b9aa5b89a2",
        "capturedX": 3,
        "capturedY": 2,
        "capturedSpeed": {
            "value": 0.0,
            "unit": "mps"
        },
        "eventTimestamp": {
            "dateTime": "2021-04-19T20:03:37.000+0000",
            "zone": "UTC"
        },
        "unlockUserId": "00000000-0000-0000-0000-000000000000",
        "updatedTimestamp": {
            "dateTime": "2022-05-06T01:52:08.934+0000",
            "zone": "UTC"
        }
    },
    {
        "impactId": "42e67d30-35d0-4c89-a168-1b3b43444d0c",
        "userId": "75c6e127-1e7d-4291-bec2-0e2dbcb03406",
        "equipmentId": "ed652cd8-7d2f-39a2-b3dc-a5a014c07765",
        "equipmentTypeId": "0dc4e7fe-1e08-47c8-8f5c-e8d92bfe5509",
        "locationId": "649dce9e-ee11-4c83-8bd5-56cccdcc6031",
        "categoryId": "d48cea97-749e-4dc3-a4cb-08b9aa5b89a2",
        "capturedX": 3,
        "capturedY": 2,
        "capturedSpeed": {
            "value": 0.0,
            "unit": "mps"
        },
        "eventTimestamp": {
            "dateTime": "2021-04-19T20:05:05.000+0000",
            "zone": "UTC"
        },
        "unlockUserId": "00000000-0000-0000-0000-000000000000",
        "updatedTimestamp": {
            "dateTime": "2022-05-06T01:52:08.941+0000",
            "zone": "UTC"
        }
    },
    {
        "impactId": "150c72f8-61de-4596-95ae-57446a232a48",
        "userId": "75c6e127-1e7d-4291-bec2-0e2dbcb03406",
        "equipmentId": "ed652cd8-7d2f-39a2-b3dc-a5a014c07765",
        "equipmentTypeId": "0dc4e7fe-1e08-47c8-8f5c-e8d92bfe5509",
        "locationId": "649dce9e-ee11-4c83-8bd5-56cccdcc6031",
        "categoryId": "d48cea97-749e-4dc3-a4cb-08b9aa5b89a2",
        "capturedX": 2,
        "capturedY": 2,
        "capturedSpeed": {
            "value": 0.0,
            "unit": "mps"
        },
        "eventTimestamp": {
            "dateTime": "2021-04-19T20:05:04.000+0000",
            "zone": "UTC"
        },
        "unlockUserId": "00000000-0000-0000-0000-000000000000",
        "updatedTimestamp": {
            "dateTime": "2022-05-06T01:52:08.947+0000",
            "zone": "UTC"
        }
    },
    {
        "impactId": "fcd608de-93d5-4194-8b95-1b5d1132596f",
        "userId": "bfc105b5-7ae6-432d-ae13-db2a3096a0c9",
        "equipmentId": "ed652cd8-7d2f-39a2-b3dc-a5a014c07765",
        "equipmentTypeId": "0dc4e7fe-1e08-47c8-8f5c-e8d92bfe5509",
        "locationId": "649dce9e-ee11-4c83-8bd5-56cccdcc6031",
        "categoryId": "d48cea97-749e-4dc3-a4cb-08b9aa5b89a2",
        "capturedX": 20,
        "capturedY": 23,
        "capturedSpeed": {
            "value": 0.0,
            "unit": "mps"
        },
        "eventTimestamp": {
            "dateTime": "2021-04-19T20:09:56.000+0000",
            "zone": "UTC"
        },
        "unlockUserId": "00000000-0000-0000-0000-000000000000",
        "updatedTimestamp": {
            "dateTime": "2022-05-06T01:52:08.953+0000",
            "zone": "UTC"
        }
    },
    {
        "impactId": "6ca11555-9304-4a39-b073-3d3190a7801e",
        "userId": "bfc105b5-7ae6-432d-ae13-db2a3096a0c9",
        "equipmentId": "ed652cd8-7d2f-39a2-b3dc-a5a014c07765",
        "equipmentTypeId": "0dc4e7fe-1e08-47c8-8f5c-e8d92bfe5509",
        "locationId": "649dce9e-ee11-4c83-8bd5-56cccdcc6031",
        "categoryId": "d48cea97-749e-4dc3-a4cb-08b9aa5b89a2",
        "capturedX": 5,
        "capturedY": 3,
        "capturedSpeed": {
            "value": 0.0,
            "unit": "mps"
        },
        "eventTimestamp": {
            "dateTime": "2021-04-19T20:09:57.000+0000",
            "zone": "UTC"
        },
        "unlockUserId": "00000000-0000-0000-0000-000000000000",
        "updatedTimestamp": {
            "dateTime": "2022-05-06T01:52:08.963+0000",
            "zone": "UTC"
        }
    },
    {
        "impactId": "dbf75a2e-7130-44cf-aac5-83ffe5fcae85",
        "userId": "e4f8131a-3c27-4b2c-ae7b-7f885233512b",
        "equipmentId": "ed652cd8-7d2f-39a2-b3dc-a5a014c07765",
        "equipmentTypeId": "0dc4e7fe-1e08-47c8-8f5c-e8d92bfe5509",
        "locationId": "649dce9e-ee11-4c83-8bd5-56cccdcc6031",
        "categoryId": "d48cea97-749e-4dc3-a4cb-08b9aa5b89a2",
        "capturedX": 0,
        "capturedY": 0,
        "capturedSpeed": {
            "value": 0.0,
            "unit": "mps"
        },
        "eventTimestamp": {
            "dateTime": "2021-04-20T15:52:34.000+0000",
            "zone": "UTC"
        },
        "unlockUserId": "00000000-0000-0000-0000-000000000000",
        "updatedTimestamp": {
            "dateTime": "2022-05-06T01:52:08.968+0000",
            "zone": "UTC"
        }
    },
    {
        "impactId": "28c87e72-5d1e-434b-975f-9e14a851095a",
        "userId": "75c6e127-1e7d-4291-bec2-0e2dbcb03406",
        "equipmentId": "ed652cd8-7d2f-39a2-b3dc-a5a014c07765",
        "equipmentTypeId": "0dc4e7fe-1e08-47c8-8f5c-e8d92bfe5509",
        "locationId": "649dce9e-ee11-4c83-8bd5-56cccdcc6031",
        "categoryId": "d48cea97-749e-4dc3-a4cb-08b9aa5b89a2",
        "capturedX": 34,
        "capturedY": 19,
        "capturedSpeed": {
            "value": 0.0,
            "unit": "mps"
        },
        "eventTimestamp": {
            "dateTime": "2021-04-22T20:00:17.000+0000",
            "zone": "UTC"
        },
        "unlockUserId": "00000000-0000-0000-0000-000000000000",
        "updatedTimestamp": {
            "dateTime": "2022-05-06T01:52:08.974+0000",
            "zone": "UTC"
        }
    },
    {
        "impactId": "305d20c0-0360-4e2e-8540-a547892c9e47",
        "userId": "75c6e127-1e7d-4291-bec2-0e2dbcb03406",
        "equipmentId": "ed652cd8-7d2f-39a2-b3dc-a5a014c07765",
        "equipmentTypeId": "0dc4e7fe-1e08-47c8-8f5c-e8d92bfe5509",
        "locationId": "649dce9e-ee11-4c83-8bd5-56cccdcc6031",
        "categoryId": "d48cea97-749e-4dc3-a4cb-08b9aa5b89a2",
        "capturedX": 20,
        "capturedY": 11,
        "capturedSpeed": {
            "value": 0.0,
            "unit": "mps"
        },
        "eventTimestamp": {
            "dateTime": "2021-04-22T20:00:17.000+0000",
            "zone": "UTC"
        },
        "unlockUserId": "00000000-0000-0000-0000-000000000000",
        "updatedTimestamp": {
            "dateTime": "2022-05-06T01:52:08.979+0000",
            "zone": "UTC"
        }
    },
    {
        "impactId": "d2dcc52b-424d-431f-9e3a-11bce4d92929",
        "userId": "75c6e127-1e7d-4291-bec2-0e2dbcb03406",
        "equipmentId": "ed652cd8-7d2f-39a2-b3dc-a5a014c07765",
        "equipmentTypeId": "0dc4e7fe-1e08-47c8-8f5c-e8d92bfe5509",
        "locationId": "649dce9e-ee11-4c83-8bd5-56cccdcc6031",
        "categoryId": "d48cea97-749e-4dc3-a4cb-08b9aa5b89a2",
        "capturedX": 8,
        "capturedY": 10,
        "capturedSpeed": {
            "value": 0.0,
            "unit": "mps"
        },
        "eventTimestamp": {
            "dateTime": "2021-04-22T20:01:14.000+0000",
            "zone": "UTC"
        },
        "unlockUserId": "00000000-0000-0000-0000-000000000000",
        "updatedTimestamp": {
            "dateTime": "2022-05-06T01:52:08.983+0000",
            "zone": "UTC"
        }
    },
    {
        "impactId": "4c61feb3-0e7c-4b3a-ae9c-14c4c7e3232c",
        "userId": "75c6e127-1e7d-4291-bec2-0e2dbcb03406",
        "equipmentId": "ed652cd8-7d2f-39a2-b3dc-a5a014c07765",
        "equipmentTypeId": "0dc4e7fe-1e08-47c8-8f5c-e8d92bfe5509",
        "locationId": "649dce9e-ee11-4c83-8bd5-56cccdcc6031",
        "categoryId": "d48cea97-749e-4dc3-a4cb-08b9aa5b89a2",
        "capturedX": 13,
        "capturedY": 12,
        "capturedSpeed": {
            "value": 0.0,
            "unit": "mps"
        },
        "eventTimestamp": {
            "dateTime": "2021-04-22T20:01:42.000+0000",
            "zone": "UTC"
        },
        "unlockUserId": "00000000-0000-0000-0000-000000000000",
        "updatedTimestamp": {
            "dateTime": "2022-05-06T01:52:08.987+0000",
            "zone": "UTC"
        }
    },
    {
        "impactId": "a4448996-eec3-4681-9a4a-a2aae80ba48c",
        "userId": "75c6e127-1e7d-4291-bec2-0e2dbcb03406",
        "equipmentId": "ed652cd8-7d2f-39a2-b3dc-a5a014c07765",
        "equipmentTypeId": "0dc4e7fe-1e08-47c8-8f5c-e8d92bfe5509",
        "locationId": "649dce9e-ee11-4c83-8bd5-56cccdcc6031",
        "categoryId": "d48cea97-749e-4dc3-a4cb-08b9aa5b89a2",
        "capturedX": 2,
        "capturedY": 2,
        "capturedSpeed": {
            "value": 0.0,
            "unit": "mps"
        },
        "eventTimestamp": {
            "dateTime": "2021-04-22T20:51:40.000+0000",
            "zone": "UTC"
        },
        "unlockUserId": "00000000-0000-0000-0000-000000000000",
        "updatedTimestamp": {
            "dateTime": "2022-05-06T01:52:08.994+0000",
            "zone": "UTC"
        }
    },
    {
        "impactId": "58a4d246-c6a7-4c9a-939a-b522059458b8",
        "userId": "3898d096-07a7-464c-9b74-649a2c78add9",
        "equipmentId": "5760b7ce-ccb0-320e-81fb-3abb0889831c",
        "equipmentTypeId": "1ebc9af4-efa5-4d2a-935c-f15b08ac3ce2",
        "locationId": "649dce9e-ee11-4c83-8bd5-56cccdcc6031",
        "categoryId": "d48cea97-749e-4dc3-a4cb-08b9aa5b89a2",
        "capturedX": 38,
        "capturedY": 35,
        "capturedSpeed": {
            "value": 2.45872,
            "unit": "mps"
        },
        "eventTimestamp": {
            "dateTime": "2021-04-27T18:57:31.000+0000",
            "zone": "UTC"
        },
        "unlockUserId": "00000000-0000-0000-0000-000000000000",
        "updatedTimestamp": {
            "dateTime": "2022-05-06T02:02:14.641+0000",
            "zone": "UTC"
        }
    },
    {
        "impactId": "2f589401-cdbe-4c72-be7f-0722ff7667e0",
        "userId": "3898d096-07a7-464c-9b74-649a2c78add9",
        "equipmentId": "5760b7ce-ccb0-320e-81fb-3abb0889831c",
        "equipmentTypeId": "1ebc9af4-efa5-4d2a-935c-f15b08ac3ce2",
        "locationId": "649dce9e-ee11-4c83-8bd5-56cccdcc6031",
        "categoryId": "d48cea97-749e-4dc3-a4cb-08b9aa5b89a2",
        "capturedX": 10,
        "capturedY": 35,
        "capturedSpeed": {
            "value": 2.45872,
            "unit": "mps"
        },
        "eventTimestamp": {
            "dateTime": "2021-04-27T18:57:35.000+0000",
            "zone": "UTC"
        },
        "unlockUserId": "00000000-0000-0000-0000-000000000000",
        "updatedTimestamp": {
            "dateTime": "2022-05-06T02:02:14.647+0000",
            "zone": "UTC"
        }
    },
    {
        "impactId": "d024f1f2-40d8-407a-ab83-d02858ace9ef",
        "userId": "3898d096-07a7-464c-9b74-649a2c78add9",
        "equipmentId": "5760b7ce-ccb0-320e-81fb-3abb0889831c",
        "equipmentTypeId": "1ebc9af4-efa5-4d2a-935c-f15b08ac3ce2",
        "locationId": "649dce9e-ee11-4c83-8bd5-56cccdcc6031",
        "categoryId": "d48cea97-749e-4dc3-a4cb-08b9aa5b89a2",
        "capturedX": 7,
        "capturedY": 35,
        "capturedSpeed": {
            "value": 2.45872,
            "unit": "mps"
        },
        "eventTimestamp": {
            "dateTime": "2021-04-27T18:57:28.000+0000",
            "zone": "UTC"
        },
        "unlockUserId": "00000000-0000-0000-0000-000000000000",
        "updatedTimestamp": {
            "dateTime": "2022-05-06T02:02:14.651+0000",
            "zone": "UTC"
        }
    },
    {
        "impactId": "92c2c5f9-aff4-463e-b147-9d86c2f96eb7",
        "userId": "3898d096-07a7-464c-9b74-649a2c78add9",
        "equipmentId": "5760b7ce-ccb0-320e-81fb-3abb0889831c",
        "equipmentTypeId": "1ebc9af4-efa5-4d2a-935c-f15b08ac3ce2",
        "locationId": "649dce9e-ee11-4c83-8bd5-56cccdcc6031",
        "categoryId": "d48cea97-749e-4dc3-a4cb-08b9aa5b89a2",
        "capturedX": 11,
        "capturedY": 35,
        "capturedSpeed": {
            "value": 2.45872,
            "unit": "mps"
        },
        "eventTimestamp": {
            "dateTime": "2021-04-27T18:58:34.000+0000",
            "zone": "UTC"
        },
        "unlockUserId": "00000000-0000-0000-0000-000000000000",
        "updatedTimestamp": {
            "dateTime": "2022-05-06T02:02:14.655+0000",
            "zone": "UTC"
        }
    },
    {
        "impactId": "0a1ca118-2541-47ee-9baf-4fda7668b6a8",
        "userId": "3898d096-07a7-464c-9b74-649a2c78add9",
        "equipmentId": "5760b7ce-ccb0-320e-81fb-3abb0889831c",
        "equipmentTypeId": "1ebc9af4-efa5-4d2a-935c-f15b08ac3ce2",
        "locationId": "649dce9e-ee11-4c83-8bd5-56cccdcc6031",
        "categoryId": "d48cea97-749e-4dc3-a4cb-08b9aa5b89a2",
        "capturedX": 15,
        "capturedY": 35,
        "capturedSpeed": {
            "value": 2.45872,
            "unit": "mps"
        },
        "eventTimestamp": {
            "dateTime": "2021-04-27T18:58:38.000+0000",
            "zone": "UTC"
        },
        "unlockTimestamp": {
            "dateTime": "2021-04-27T19:00:03.000+0000",
            "zone": "UTC"
        },
        "unlockUserId": "5582557a-ae83-4dfe-913d-d80c454c49a3",
        "updatedTimestamp": {
            "dateTime": "2022-05-06T02:02:14.660+0000",
            "zone": "UTC"
        }
    },
    {
        "impactId": "28625b78-6fdd-4113-8aa7-f0351de81e0a",
        "userId": "bfc105b5-7ae6-432d-ae13-db2a3096a0c9",
        "equipmentId": "dc5538b3-62e2-3fe1-96a6-d1569c0194d7",
        "equipmentTypeId": "37e0c6d2-5ec3-4916-997b-8ce2c6a2190a",
        "locationId": "649dce9e-ee11-4c83-8bd5-56cccdcc6031",
        "categoryId": "d48cea97-749e-4dc3-a4cb-08b9aa5b89a2",
        "capturedX": 16,
        "capturedY": 17,
        "capturedSpeed": {
            "value": 0.0,
            "unit": "mps"
        },
        "eventTimestamp": {
            "dateTime": "2021-04-28T12:22:13.000+0000",
            "zone": "UTC"
        },
        "unlockUserId": "00000000-0000-0000-0000-000000000000",
        "updatedTimestamp": {
            "dateTime": "2022-05-06T02:04:12.563+0000",
            "zone": "UTC"
        }
    },
    {
        "impactId": "2254aae7-3a98-4aeb-b7ac-604c026cc2a5",
        "userId": "944ff3fc-4eb2-41dc-9174-30e2408f22a1",
        "equipmentId": "a6a59fa3-37d9-3aff-89be-37811ffcc92e",
        "equipmentTypeId": "0dc4e7fe-1e08-47c8-8f5c-e8d92bfe5509",
        "locationId": "d021b1ea-6bbc-46c7-a033-034da41ad906",
        "categoryId": "d48cea97-749e-4dc3-a4cb-08b9aa5b89a2",
        "capturedX": 16,
        "capturedY": 17,
        "capturedSpeed": {
            "value": 0.0,
            "unit": "mps"
        },
        "eventTimestamp": {
            "dateTime": "2021-05-06T17:30:08.000+0000",
            "zone": "UTC"
        },
        "unlockUserId": "00000000-0000-0000-0000-000000000000",
        "updatedTimestamp": {
            "dateTime": "2022-05-06T02:21:10.332+0000",
            "zone": "UTC"
        }
    },
    {
        "impactId": "abad4ca1-3251-483b-877d-cb2883770196",
        "userId": "944ff3fc-4eb2-41dc-9174-30e2408f22a1",
        "equipmentId": "a6a59fa3-37d9-3aff-89be-37811ffcc92e",
        "equipmentTypeId": "0dc4e7fe-1e08-47c8-8f5c-e8d92bfe5509",
        "locationId": "d021b1ea-6bbc-46c7-a033-034da41ad906",
        "categoryId": "d48cea97-749e-4dc3-a4cb-08b9aa5b89a2",
        "capturedX": 16,
        "capturedY": 17,
        "capturedSpeed": {
            "value": 0.0,
            "unit": "mps"
        },
        "eventTimestamp": {
            "dateTime": "2021-05-06T18:20:12.000+0000",
            "zone": "UTC"
        },
        "unlockUserId": "00000000-0000-0000-0000-000000000000",
        "updatedTimestamp": {
            "dateTime": "2022-05-06T02:21:10.338+0000",
            "zone": "UTC"
        }
    },
    {
        "impactId": "d342c5db-547c-4a57-b1b9-fbb24459cd2e",
        "userId": "944ff3fc-4eb2-41dc-9174-30e2408f22a1",
        "equipmentId": "a6a59fa3-37d9-3aff-89be-37811ffcc92e",
        "equipmentTypeId": "0dc4e7fe-1e08-47c8-8f5c-e8d92bfe5509",
        "locationId": "d021b1ea-6bbc-46c7-a033-034da41ad906",
        "categoryId": "d48cea97-749e-4dc3-a4cb-08b9aa5b89a2",
        "capturedX": 16,
        "capturedY": 17,
        "capturedSpeed": {
            "value": 0.0,
            "unit": "mps"
        },
        "eventTimestamp": {
            "dateTime": "2021-05-06T20:05:13.000+0000",
            "zone": "UTC"
        },
        "unlockUserId": "00000000-0000-0000-0000-000000000000",
        "updatedTimestamp": {
            "dateTime": "2022-05-06T02:21:10.344+0000",
            "zone": "UTC"
        }
    },
    {
        "impactId": "e634a291-29a1-4b46-9f71-22e9bb8292ea",
        "userId": "944ff3fc-4eb2-41dc-9174-30e2408f22a1",
        "equipmentId": "a6a59fa3-37d9-3aff-89be-37811ffcc92e",
        "equipmentTypeId": "0dc4e7fe-1e08-47c8-8f5c-e8d92bfe5509",
        "locationId": "d021b1ea-6bbc-46c7-a033-034da41ad906",
        "categoryId": "d48cea97-749e-4dc3-a4cb-08b9aa5b89a2",
        "capturedX": 36,
        "capturedY": 37,
        "capturedSpeed": {
            "value": 0.0,
            "unit": "mps"
        },
        "eventTimestamp": {
            "dateTime": "2021-05-06T20:23:50.000+0000",
            "zone": "UTC"
        },
        "unlockUserId": "00000000-0000-0000-0000-000000000000",
        "updatedTimestamp": {
            "dateTime": "2022-05-06T02:21:10.349+0000",
            "zone": "UTC"
        }
    },
    {
        "impactId": "9aee6ad0-5af6-44aa-89de-c280bccb917c",
        "userId": "e4f8131a-3c27-4b2c-ae7b-7f885233512b",
        "equipmentId": "ed652cd8-7d2f-39a2-b3dc-a5a014c07765",
        "equipmentTypeId": "0dc4e7fe-1e08-47c8-8f5c-e8d92bfe5509",
        "locationId": "649dce9e-ee11-4c83-8bd5-56cccdcc6031",
        "categoryId": "d48cea97-749e-4dc3-a4cb-08b9aa5b89a2",
        "capturedX": 2,
        "capturedY": 20,
        "capturedSpeed": {
            "value": 0.0,
            "unit": "mps"
        },
        "eventTimestamp": {
            "dateTime": "2021-05-11T15:41:09.000+0000",
            "zone": "UTC"
        },
        "unlockUserId": "00000000-0000-0000-0000-000000000000",
        "updatedTimestamp": {
            "dateTime": "2022-05-06T02:31:09.991+0000",
            "zone": "UTC"
        }
    },
    {
        "impactId": "59578b0c-65cb-4c37-9fe8-def7bcaf3fc7",
        "userId": "e4f8131a-3c27-4b2c-ae7b-7f885233512b",
        "equipmentId": "ed652cd8-7d2f-39a2-b3dc-a5a014c07765",
        "equipmentTypeId": "0dc4e7fe-1e08-47c8-8f5c-e8d92bfe5509",
        "locationId": "649dce9e-ee11-4c83-8bd5-56cccdcc6031",
        "categoryId": "d48cea97-749e-4dc3-a4cb-08b9aa5b89a2",
        "capturedX": 43,
        "capturedY": 43,
        "capturedSpeed": {
            "value": 0.0,
            "unit": "mps"
        },
        "eventTimestamp": {
            "dateTime": "2021-05-11T18:15:09.000+0000",
            "zone": "UTC"
        },
        "unlockUserId": "00000000-0000-0000-0000-000000000000",
        "updatedTimestamp": {
            "dateTime": "2022-05-06T02:31:09.997+0000",
            "zone": "UTC"
        }
    },
    {
        "impactId": "6d186d17-2cea-4609-a89e-0f4753d1735c",
        "userId": "e4f8131a-3c27-4b2c-ae7b-7f885233512b",
        "equipmentId": "ed652cd8-7d2f-39a2-b3dc-a5a014c07765",
        "equipmentTypeId": "0dc4e7fe-1e08-47c8-8f5c-e8d92bfe5509",
        "locationId": "649dce9e-ee11-4c83-8bd5-56cccdcc6031",
        "categoryId": "d48cea97-749e-4dc3-a4cb-08b9aa5b89a2",
        "capturedX": 18,
        "capturedY": 24,
        "capturedSpeed": {
            "value": 0.0,
            "unit": "mps"
        },
        "eventTimestamp": {
            "dateTime": "2021-05-11T18:16:27.000+0000",
            "zone": "UTC"
        },
        "unlockUserId": "00000000-0000-0000-0000-000000000000",
        "updatedTimestamp": {
            "dateTime": "2022-05-06T02:31:10.040+0000",
            "zone": "UTC"
        }
    },
    {
        "impactId": "c9f8bf09-b35e-436f-9860-06c842cd7e0c",
        "userId": "e4f8131a-3c27-4b2c-ae7b-7f885233512b",
        "equipmentId": "ed652cd8-7d2f-39a2-b3dc-a5a014c07765",
        "equipmentTypeId": "0dc4e7fe-1e08-47c8-8f5c-e8d92bfe5509",
        "locationId": "649dce9e-ee11-4c83-8bd5-56cccdcc6031",
        "categoryId": "d48cea97-749e-4dc3-a4cb-08b9aa5b89a2",
        "capturedX": 44,
        "capturedY": 32,
        "capturedSpeed": {
            "value": 0.0,
            "unit": "mps"
        },
        "eventTimestamp": {
            "dateTime": "2021-05-11T18:15:10.000+0000",
            "zone": "UTC"
        },
        "unlockUserId": "00000000-0000-0000-0000-000000000000",
        "updatedTimestamp": {
            "dateTime": "2022-05-06T02:31:10.048+0000",
            "zone": "UTC"
        }
    },
    {
        "impactId": "75094679-2a45-44e1-91fa-7b84fefdbbd6",
        "userId": "e4f8131a-3c27-4b2c-ae7b-7f885233512b",
        "equipmentId": "ed652cd8-7d2f-39a2-b3dc-a5a014c07765",
        "equipmentTypeId": "0dc4e7fe-1e08-47c8-8f5c-e8d92bfe5509",
        "locationId": "649dce9e-ee11-4c83-8bd5-56cccdcc6031",
        "categoryId": "d48cea97-749e-4dc3-a4cb-08b9aa5b89a2",
        "capturedX": 17,
        "capturedY": 18,
        "capturedSpeed": {
            "value": 0.0,
            "unit": "mps"
        },
        "eventTimestamp": {
            "dateTime": "2021-05-11T18:17:05.000+0000",
            "zone": "UTC"
        },
        "unlockUserId": "00000000-0000-0000-0000-000000000000",
        "updatedTimestamp": {
            "dateTime": "2022-05-06T02:31:10.057+0000",
            "zone": "UTC"
        }
    },
    {
        "impactId": "ff267a3b-1bb1-4bf6-a80f-d961e02f1d6f",
        "userId": "e4f8131a-3c27-4b2c-ae7b-7f885233512b",
        "equipmentId": "ed652cd8-7d2f-39a2-b3dc-a5a014c07765",
        "equipmentTypeId": "0dc4e7fe-1e08-47c8-8f5c-e8d92bfe5509",
        "locationId": "649dce9e-ee11-4c83-8bd5-56cccdcc6031",
        "categoryId": "d48cea97-749e-4dc3-a4cb-08b9aa5b89a2",
        "capturedX": 10,
        "capturedY": 19,
        "capturedSpeed": {
            "value": 0.0,
            "unit": "mps"
        },
        "eventTimestamp": {
            "dateTime": "2021-05-11T18:17:49.000+0000",
            "zone": "UTC"
        },
        "unlockUserId": "00000000-0000-0000-0000-000000000000",
        "updatedTimestamp": {
            "dateTime": "2022-05-06T02:31:10.077+0000",
            "zone": "UTC"
        }
    },
    {
        "impactId": "ead03626-0859-4218-837a-0463dfc62c98",
        "userId": "bfc105b5-7ae6-432d-ae13-db2a3096a0c9",
        "equipmentId": "ed652cd8-7d2f-39a2-b3dc-a5a014c07765",
        "equipmentTypeId": "0dc4e7fe-1e08-47c8-8f5c-e8d92bfe5509",
        "locationId": "649dce9e-ee11-4c83-8bd5-56cccdcc6031",
        "categoryId": "d48cea97-749e-4dc3-a4cb-08b9aa5b89a2",
        "capturedX": 5,
        "capturedY": 18,
        "capturedSpeed": {
            "value": 0.0,
            "unit": "mps"
        },
        "eventTimestamp": {
            "dateTime": "2021-05-11T18:42:50.000+0000",
            "zone": "UTC"
        },
        "unlockUserId": "00000000-0000-0000-0000-000000000000",
        "updatedTimestamp": {
            "dateTime": "2022-05-06T02:31:10.089+0000",
            "zone": "UTC"
        }
    },
    {
        "impactId": "1155c6e4-dc0a-4d0c-923f-f53993c3e7ae",
        "userId": "bfc105b5-7ae6-432d-ae13-db2a3096a0c9",
        "equipmentId": "ed652cd8-7d2f-39a2-b3dc-a5a014c07765",
        "equipmentTypeId": "0dc4e7fe-1e08-47c8-8f5c-e8d92bfe5509",
        "locationId": "649dce9e-ee11-4c83-8bd5-56cccdcc6031",
        "categoryId": "d48cea97-749e-4dc3-a4cb-08b9aa5b89a2",
        "capturedX": 10,
        "capturedY": 19,
        "capturedSpeed": {
            "value": 0.0,
            "unit": "mps"
        },
        "eventTimestamp": {
            "dateTime": "2021-05-11T18:42:51.000+0000",
            "zone": "UTC"
        },
        "unlockUserId": "00000000-0000-0000-0000-000000000000",
        "updatedTimestamp": {
            "dateTime": "2022-05-06T02:31:10.108+0000",
            "zone": "UTC"
        }
    },
    {
        "impactId": "6b2b2e2a-5b5a-440f-81b7-4c6753845b99",
        "userId": "944ff3fc-4eb2-41dc-9174-30e2408f22a1",
        "equipmentId": "ed652cd8-7d2f-39a2-b3dc-a5a014c07765",
        "equipmentTypeId": "0dc4e7fe-1e08-47c8-8f5c-e8d92bfe5509",
        "locationId": "649dce9e-ee11-4c83-8bd5-56cccdcc6031",
        "categoryId": "d48cea97-749e-4dc3-a4cb-08b9aa5b89a2",
        "capturedX": 38,
        "capturedY": 37,
        "capturedSpeed": {
            "value": 0.0,
            "unit": "mps"
        },
        "eventTimestamp": {
            "dateTime": "2021-05-13T20:39:04.000+0000",
            "zone": "UTC"
        },
        "unlockUserId": "00000000-0000-0000-0000-000000000000",
        "updatedTimestamp": {
            "dateTime": "2022-05-06T02:36:09.450+0000",
            "zone": "UTC"
        }
    },
    {
        "impactId": "a9161269-b92f-4a64-8cb4-957b331ec079",
        "userId": "944ff3fc-4eb2-41dc-9174-30e2408f22a1",
        "equipmentId": "ed652cd8-7d2f-39a2-b3dc-a5a014c07765",
        "equipmentTypeId": "0dc4e7fe-1e08-47c8-8f5c-e8d92bfe5509",
        "locationId": "649dce9e-ee11-4c83-8bd5-56cccdcc6031",
        "categoryId": "d48cea97-749e-4dc3-a4cb-08b9aa5b89a2",
        "capturedX": 40,
        "capturedY": 42,
        "capturedSpeed": {
            "value": 0.0,
            "unit": "mps"
        },
        "eventTimestamp": {
            "dateTime": "2021-05-14T17:12:50.000+0000",
            "zone": "UTC"
        },
        "unlockUserId": "00000000-0000-0000-0000-000000000000",
        "updatedTimestamp": {
            "dateTime": "2022-05-06T02:38:11.170+0000",
            "zone": "UTC"
        }
    },
    {
        "impactId": "a5e23440-ec6c-434f-8dff-034a3fe4d882",
        "userId": "944ff3fc-4eb2-41dc-9174-30e2408f22a1",
        "equipmentId": "ed652cd8-7d2f-39a2-b3dc-a5a014c07765",
        "equipmentTypeId": "0dc4e7fe-1e08-47c8-8f5c-e8d92bfe5509",
        "locationId": "649dce9e-ee11-4c83-8bd5-56cccdcc6031",
        "categoryId": "d48cea97-749e-4dc3-a4cb-08b9aa5b89a2",
        "capturedX": 26,
        "capturedY": 26,
        "capturedSpeed": {
            "value": 0.0,
            "unit": "mps"
        },
        "eventTimestamp": {
            "dateTime": "2021-05-14T17:12:51.000+0000",
            "zone": "UTC"
        },
        "unlockUserId": "00000000-0000-0000-0000-000000000000",
        "updatedTimestamp": {
            "dateTime": "2022-05-06T02:38:11.190+0000",
            "zone": "UTC"
        }
    },
    {
        "impactId": "3a042a75-61e7-461b-a530-6a0a39aa380d",
        "userId": "944ff3fc-4eb2-41dc-9174-30e2408f22a1",
        "equipmentId": "ed652cd8-7d2f-39a2-b3dc-a5a014c07765",
        "equipmentTypeId": "0dc4e7fe-1e08-47c8-8f5c-e8d92bfe5509",
        "locationId": "649dce9e-ee11-4c83-8bd5-56cccdcc6031",
        "categoryId": "d48cea97-749e-4dc3-a4cb-08b9aa5b89a2",
        "capturedX": 18,
        "capturedY": 21,
        "capturedSpeed": {
            "value": 0.0,
            "unit": "mps"
        },
        "eventTimestamp": {
            "dateTime": "2021-05-14T19:27:03.000+0000",
            "zone": "UTC"
        },
        "unlockUserId": "00000000-0000-0000-0000-000000000000",
        "updatedTimestamp": {
            "dateTime": "2022-05-06T02:38:11.197+0000",
            "zone": "UTC"
        }
    },
    {
        "impactId": "fad232bd-ee45-461a-ad94-0bc6026eb7c0",
        "userId": "944ff3fc-4eb2-41dc-9174-30e2408f22a1",
        "equipmentId": "a6a59fa3-37d9-3aff-89be-37811ffcc92e",
        "equipmentTypeId": "0dc4e7fe-1e08-47c8-8f5c-e8d92bfe5509",
        "locationId": "d021b1ea-6bbc-46c7-a033-034da41ad906",
        "categoryId": "d48cea97-749e-4dc3-a4cb-08b9aa5b89a2",
        "capturedX": 36,
        "capturedY": 37,
        "capturedSpeed": {
            "value": 0.0,
            "unit": "mps"
        },
        "eventTimestamp": {
            "dateTime": "2021-05-14T15:00:50.000+0000",
            "zone": "UTC"
        },
        "unlockUserId": "00000000-0000-0000-0000-000000000000",
        "updatedTimestamp": {
            "dateTime": "2022-05-06T02:38:11.203+0000",
            "zone": "UTC"
        }
    },
    {
        "impactId": "a306e10f-9552-41e7-86fb-7680879cdf39",
        "userId": "944ff3fc-4eb2-41dc-9174-30e2408f22a1",
        "equipmentId": "a6a59fa3-37d9-3aff-89be-37811ffcc92e",
        "equipmentTypeId": "0dc4e7fe-1e08-47c8-8f5c-e8d92bfe5509",
        "locationId": "d021b1ea-6bbc-46c7-a033-034da41ad906",
        "categoryId": "d48cea97-749e-4dc3-a4cb-08b9aa5b89a2",
        "capturedX": 36,
        "capturedY": 37,
        "capturedSpeed": {
            "value": 0.0,
            "unit": "mps"
        },
        "eventTimestamp": {
            "dateTime": "2021-05-14T19:52:57.000+0000",
            "zone": "UTC"
        },
        "unlockUserId": "00000000-0000-0000-0000-000000000000",
        "updatedTimestamp": {
            "dateTime": "2022-05-06T02:38:11.219+0000",
            "zone": "UTC"
        }
    },
    {
        "impactId": "67f9a7d3-6241-45c6-84a6-8b34d9b52888",
        "userId": "944ff3fc-4eb2-41dc-9174-30e2408f22a1",
        "equipmentId": "ed652cd8-7d2f-39a2-b3dc-a5a014c07765",
        "equipmentTypeId": "0dc4e7fe-1e08-47c8-8f5c-e8d92bfe5509",
        "locationId": "649dce9e-ee11-4c83-8bd5-56cccdcc6031",
        "categoryId": "d48cea97-749e-4dc3-a4cb-08b9aa5b89a2",
        "capturedX": 36,
        "capturedY": 36,
        "capturedSpeed": {
            "value": 0.0,
            "unit": "mps"
        },
        "eventTimestamp": {
            "dateTime": "2021-05-14T20:04:29.000+0000",
            "zone": "UTC"
        },
        "unlockUserId": "00000000-0000-0000-0000-000000000000",
        "updatedTimestamp": {
            "dateTime": "2022-05-06T02:38:11.226+0000",
            "zone": "UTC"
        }
    },
    {
        "impactId": "e919031e-c502-49ce-81fb-d1735ae21cf3",
        "userId": "944ff3fc-4eb2-41dc-9174-30e2408f22a1",
        "equipmentId": "ed652cd8-7d2f-39a2-b3dc-a5a014c07765",
        "equipmentTypeId": "0dc4e7fe-1e08-47c8-8f5c-e8d92bfe5509",
        "locationId": "649dce9e-ee11-4c83-8bd5-56cccdcc6031",
        "categoryId": "d48cea97-749e-4dc3-a4cb-08b9aa5b89a2",
        "capturedX": 19,
        "capturedY": 14,
        "capturedSpeed": {
            "value": 0.0,
            "unit": "mps"
        },
        "eventTimestamp": {
            "dateTime": "2021-05-14T20:16:44.000+0000",
            "zone": "UTC"
        },
        "unlockUserId": "00000000-0000-0000-0000-000000000000",
        "updatedTimestamp": {
            "dateTime": "2022-05-06T02:38:11.231+0000",
            "zone": "UTC"
        }
    },
    {
        "impactId": "2fa83aa4-044a-4645-8e5d-eeded4f33577",
        "userId": "944ff3fc-4eb2-41dc-9174-30e2408f22a1",
        "equipmentId": "ed652cd8-7d2f-39a2-b3dc-a5a014c07765",
        "equipmentTypeId": "0dc4e7fe-1e08-47c8-8f5c-e8d92bfe5509",
        "locationId": "649dce9e-ee11-4c83-8bd5-56cccdcc6031",
        "categoryId": "d48cea97-749e-4dc3-a4cb-08b9aa5b89a2",
        "capturedX": 34,
        "capturedY": 39,
        "capturedSpeed": {
            "value": 0.0,
            "unit": "mps"
        },
        "eventTimestamp": {
            "dateTime": "2021-05-14T20:16:46.000+0000",
            "zone": "UTC"
        },
        "unlockUserId": "00000000-0000-0000-0000-000000000000",
        "updatedTimestamp": {
            "dateTime": "2022-05-06T02:38:11.236+0000",
            "zone": "UTC"
        }
    }
]
[
    
]
]]></system-out>
  <system-err><![CDATA[]]></system-err>
</testsuite>
